#
# A fatal error has been detected by the Java Runtime Environment:
#
#  EXCEPTION_ACCESS_VIOLATION (0xc0000005) at pc=0x00007ffd7b3bf8b0, pid=5456, tid=27288
#
# JRE version: OpenJDK Runtime Environment (16.0.2+7) (build 16.0.2+7-67)
# Java VM: OpenJDK 64-Bit Server VM (16.0.2+7-67, mixed mode, sharing, tiered, compressed oops, compressed class ptrs, g1 gc, windows-amd64)
# Problematic frame:
# V  [jvm.dll+0x35f8b0]
#
# No core dump will be written. Minidumps are not enabled by default on client versions of Windows
#
# If you would like to submit a bug report, please visit:
#   https://bugreport.java.com/bugreport/crash.jsp
#

---------------  S U M M A R Y ------------

Command Line: -XX:MaxMetaspaceSize=256m -XX:+HeapDumpOnOutOfMemoryError --add-opens=java.base/java.util=ALL-UNNAMED --add-opens=java.base/java.lang=ALL-UNNAMED --add-opens=java.base/java.lang.invoke=ALL-UNNAMED --add-opens=java.base/java.util=ALL-UNNAMED --add-opens=java.prefs/java.util.prefs=ALL-UNNAMED --add-opens=java.prefs/java.util.prefs=ALL-UNNAMED --add-opens=java.base/java.nio.charset=ALL-UNNAMED --add-opens=java.base/java.net=ALL-UNNAMED --add-opens=java.base/java.util.concurrent.atomic=ALL-UNNAMED -Xms256m -Xmx512m -Dfile.encoding=windows-1251 -Duser.country=US -Duser.language=en -Duser.variant org.gradle.launcher.daemon.bootstrap.GradleDaemon 7.4.1

Host: Intel(R) Core(TM) i7-8665U CPU @ 1.90GHz, 8 cores, 31G,  Windows 10 , 64 bit Build 18362 (10.0.18362.2037)
Time: Wed May 25 10:58:14 2022 Georgian Standard Time elapsed time: 456.622305 seconds (0d 0h 7m 36s)

---------------  T H R E A D  ---------------

Current thread (0x00000162cc9f0400):  JavaThread "C2 CompilerThread2" daemon [_thread_in_native, id=27288, stack(0x0000004480e00000,0x0000004480f00000)]


Current CompileTask:
C2: 456622 15836       4       java.beans.Introspector::addMethod (196 bytes)

Stack: [0x0000004480e00000,0x0000004480f00000],  sp=0x0000004480efb570,  free space=1005k
Native frames: (J=compiled Java code, j=interpreted, Vv=VM code, C=native code)
V  [jvm.dll+0x35f8b0]
V  [jvm.dll+0x358c68]
V  [jvm.dll+0x1b9d07]
V  [jvm.dll+0x215e16]
V  [jvm.dll+0x215100]
V  [jvm.dll+0x1a1beb]
V  [jvm.dll+0x225158]
V  [jvm.dll+0x22319c]
V  [jvm.dll+0x77fa62]
V  [jvm.dll+0x7795aa]
V  [jvm.dll+0x667066]
C  [ucrtbase.dll+0x210b2]
C  [KERNEL32.DLL+0x17c24]
C  [ntdll.dll+0x6d721]


siginfo: EXCEPTION_ACCESS_VIOLATION (0xc0000005), reading address 0x00007f7d7bb38310


Register to memory mapping:

RIP=0x00007ffd7b3bf8b0 jvm.dll
RAX=0x0 is NULL
RBX=0x0000004480efb5c0 is pointing into the stack for thread: 0x00000162cc9f0400
RCX=0x0 is NULL
RDX=0x00007f7d7bb38310 is an unknown value
RSP=0x0000004480efb570 is pointing into the stack for thread: 0x00000162cc9f0400
RBP=0x0000004480efb6e0 is pointing into the stack for thread: 0x00000162cc9f0400
RSI=0x00007ffd7bb38310 jvm.dll
RDI=0x0000000000000020 is an unknown value
R8 =0x0000000000001480 is an unknown value
R9 =0x0000000000000004 is an unknown value
R10=0x0000000000000003 is an unknown value
R11=0x00000162c9fceb20 points into unknown readable memory: 0x0000000000000000 | 00 00 00 00 00 00 00 00
R12=0x0 is NULL
R13=0x0 is NULL
R14=0x0000000000001495 is an unknown value
R15=0x0000000000001495 is an unknown value


Registers:
RAX=0x0000000000000000, RBX=0x0000004480efb5c0, RCX=0x0000000000000000, RDX=0x00007f7d7bb38310
RSP=0x0000004480efb570, RBP=0x0000004480efb6e0, RSI=0x00007ffd7bb38310, RDI=0x0000000000000020
R8 =0x0000000000001480, R9 =0x0000000000000004, R10=0x0000000000000003, R11=0x00000162c9fceb20
R12=0x0000000000000000, R13=0x0000000000000000, R14=0x0000000000001495, R15=0x0000000000001495
RIP=0x00007ffd7b3bf8b0, EFLAGS=0x0000000000010246

Top of Stack: (sp=0x0000004480efb570)
0x0000004480efb570:   0000000000003359 00007ffd7b3bfa04
0x0000004480efb580:   00000162ca011690 00000162cde80000
0x0000004480efb590:   0000000000000038 00007ffd7b3b8c68
0x0000004480efb5a0:   0000000000000002 0000000000000015
0x0000004480efb5b0:   000000000000335a 000000000000335a
0x0000004480efb5c0:   0000000000000000 00000003000014ac
0x0000004480efb5d0:   0000003300000015 00007f7d7bb38310
0x0000004480efb5e0:   00000162cde7c610 00000162c80abd70
0x0000004480efb5f0:   00000162c4cd5960 00000000000003d8
0x0000004480efb600:   00000162c4cd5950 00000162c2aba460
0x0000004480efb610:   0000004480efb720 00007ffd7b219d07
0x0000004480efb620:   0000004480efba80 0000004480efbb60
0x0000004480efb630:   00000162c4cd5d38 00000162c4cd5950
0x0000004480efb640:   0000000000000000 00007ffe23242596
0x0000004480efb650:   0000000000000006 00000162c4cd5950
0x0000004480efb660:   00000162c55f7e50 00000162c55fbe20 

Instructions: (pc=0x00007ffd7b3bf8b0)
0x00007ffd7b3bf7b0:   48 8b a8 80 00 00 00 48 8b 8d a0 08 00 00 48 85
0x00007ffd7b3bf7c0:   c9 75 0c e8 e8 0b 00 00 48 8b 8d a0 08 00 00 48
0x00007ffd7b3bf7d0:   8b 01 0f 57 c0 48 89 85 a0 08 00 00 0f 11 01 0f
0x00007ffd7b3bf7e0:   11 41 10 41 0f 10 06 0f 11 01 41 0f 10 4e 10 0f
0x00007ffd7b3bf7f0:   11 49 10 48 8b 43 08 48 89 0c 06 ff c7 ba 40 00
0x00007ffd7b3bf800:   00 00 3b bb 90 00 00 00 0f 82 62 ff ff ff 4c 8b
0x00007ffd7b3bf810:   74 24 60 4c 8b 6c 24 58 4c 8b 64 24 50 48 8b c3
0x00007ffd7b3bf820:   48 83 c4 20 41 5f 5f 5e 5d 5b c3 cc cc cc cc cc
0x00007ffd7b3bf830:   40 53 48 83 ec 20 8b 51 0c 48 8b d9 83 fa 04 73
0x00007ffd7b3bf840:   2a 4c 8b 59 18 66 66 66 0f 1f 84 00 00 00 00 00
0x00007ffd7b3bf850:   44 8b d2 44 8d 4a 01 4b 83 3c d3 00 0f 85 8f 00
0x00007ffd7b3bf860:   00 00 41 8b d1 41 83 f9 04 72 e5 48 89 74 24 30
0x00007ffd7b3bf870:   48 89 7c 24 38 8b 79 10 3b 79 14 73 62 48 8d 35
0x00007ffd7b3bf880:   8c 8a 77 00 0f 1f 40 00 0f 1f 84 00 00 00 00 00
0x00007ffd7b3bf890:   48 8b 43 20 8b cf 48 8b 14 c8 48 3b d6 74 39 33
0x00007ffd7b3bf8a0:   c0 48 89 53 18 33 c9 66 0f 1f 84 00 00 00 00 00
0x00007ffd7b3bf8b0:   48 83 3c 11 00 44 8d 48 01 75 6f 48 83 c1 08 41
0x00007ffd7b3bf8c0:   8b c1 41 83 f9 04 72 e8 48 8b 4b 28 48 85 c9 74
0x00007ffd7b3bf8d0:   07 8b d7 e8 58 01 00 00 ff c7 3b 7b 14 72 b1 48
0x00007ffd7b3bf8e0:   8b 74 24 30 33 c0 48 8b 7c 24 38 48 83 c4 20 5b
0x00007ffd7b3bf8f0:   c3 8b 41 10 44 8d 04 82 41 c1 e0 06 41 81 c0 00
0x00007ffd7b3bf900:   ff ff ff 44 89 41 08 4b 8b 14 d3 48 0f bc c2 44
0x00007ffd7b3bf910:   89 49 0c 8b c8 48 d3 ea 48 ff ca 41 03 c0 48 89
0x00007ffd7b3bf920:   13 89 43 08 48 83 c4 20 5b c3 48 8b 74 24 30 44
0x00007ffd7b3bf930:   8d 04 b8 8b c8 8d 47 01 48 8b 7c 24 38 41 c1 e0
0x00007ffd7b3bf940:   06 44 89 43 08 48 8b 14 ca 89 43 10 48 0f bc c2
0x00007ffd7b3bf950:   44 89 4b 0c 8b c8 48 d3 ea 48 ff ca 41 03 c0 48
0x00007ffd7b3bf960:   89 13 89 43 08 48 83 c4 20 5b c3 cc cc cc cc cc
0x00007ffd7b3bf970:   40 53 48 83 ec 20 65 48 8b 04 25 58 00 00 00 8b
0x00007ffd7b3bf980:   0d 43 5f 7b 00 48 8b 1c c8 b8 40 00 00 00 80 3c
0x00007ffd7b3bf990:   18 00 75 05 e8 b3 46 4c 00 b8 10 00 00 00 48 8b
0x00007ffd7b3bf9a0:   04 18 48 8b 88 20 05 00 00 48 8b 99 80 00 00 00 


Stack slot to memory mapping:
stack at sp + 0 slots: 0x0000000000003359 is an unknown value
stack at sp + 1 slots: 0x00007ffd7b3bfa04 jvm.dll
stack at sp + 2 slots: 0x00000162ca011690 points into unknown readable memory: 0x0070005c00000006 | 06 00 00 00 5c 00 70 00
stack at sp + 3 slots: 0x00000162cde80000 points into unknown readable memory: 0x0000000000000000 | 00 00 00 00 00 00 00 00
stack at sp + 4 slots: 0x0000000000000038 is an unknown value
stack at sp + 5 slots: 0x00007ffd7b3b8c68 jvm.dll
stack at sp + 6 slots: 0x0000000000000002 is an unknown value
stack at sp + 7 slots: 0x0000000000000015 is an unknown value


---------------  P R O C E S S  ---------------

Threads class SMR info:
_java_thread_list=0x00000162c90eeae0, length=69, elements={
0x00000162a8330bc0, 0x00000162c2ae0070, 0x00000162c2ae0e40, 0x00000162c2aefcf0,
0x00000162c2af3720, 0x00000162c2af4030, 0x00000162c2af4940, 0x00000162c2af9a90,
0x00000162c2b14bc0, 0x00000162c2b29520, 0x00000162c35f8310, 0x00000162c35f8830,
0x00000162c4ead400, 0x00000162c45b7770, 0x00000162c4b358c0, 0x00000162c5c58690,
0x00000162c5c5a120, 0x00000162c5c5a670, 0x00000162c5c5b110, 0x00000162c5c5b660,
0x00000162c5c5bbb0, 0x00000162c5c58be0, 0x00000162c5c59130, 0x00000162c7d96890,
0x00000162c7d96de0, 0x00000162c7d958a0, 0x00000162c7d9a300, 0x00000162c7d938c0,
0x00000162c7d97330, 0x00000162c7d99310, 0x00000162c75a6170, 0x00000162cd2f4500,
0x00000162c3eccc50, 0x00000162c3ecc700, 0x00000162c3ecd6f0, 0x00000162c7775390,
0x00000162c7773e50, 0x00000162c7774e40, 0x00000162c781eb00, 0x00000162c781e060,
0x00000162c781f5a0, 0x00000162c781e5b0, 0x00000162c786a0d0, 0x00000162cc9f0400,
0x00000162c90255b0, 0x00000162c9026050, 0x00000162c9025060, 0x00000162c8b605b0,
0x00000162c8b60060, 0x00000162c8b61af0, 0x00000162c8b62590, 0x00000162c8b63030,
0x00000162c77743a0, 0x00000162c3ecd1a0, 0x00000162c3ecdc40, 0x00000162c8e48060,
0x00000162c8b60b00, 0x00000162c8b61050, 0x00000162c8b62ae0, 0x00000162c8b63580,
0x00000162c8b615a0, 0x00000162cd2f5a40, 0x00000162cd2f3a60, 0x00000162cd2f4fa0,
0x00000162cd2f5f90, 0x00000162c8da9160, 0x00000162c7762390, 0x00000162c77618f0,
0x00000162c7762e30
}

Java Threads: ( => current thread )
  0x00000162a8330bc0 JavaThread "main" [_thread_blocked, id=24516, stack(0x00000044fcb00000,0x00000044fcc00000)]
  0x00000162c2ae0070 JavaThread "Reference Handler" daemon [_thread_blocked, id=5720, stack(0x00000044fd200000,0x00000044fd300000)]
  0x00000162c2ae0e40 JavaThread "Finalizer" daemon [_thread_blocked, id=6592, stack(0x00000044fd300000,0x00000044fd400000)]
  0x00000162c2aefcf0 JavaThread "Signal Dispatcher" daemon [_thread_blocked, id=21456, stack(0x00000044fd400000,0x00000044fd500000)]
  0x00000162c2af3720 JavaThread "Attach Listener" daemon [_thread_blocked, id=23148, stack(0x00000044fd500000,0x00000044fd600000)]
  0x00000162c2af4030 JavaThread "Service Thread" daemon [_thread_blocked, id=9932, stack(0x00000044fd600000,0x00000044fd700000)]
  0x00000162c2af4940 JavaThread "Monitor Deflation Thread" daemon [_thread_blocked, id=17572, stack(0x00000044fd700000,0x00000044fd800000)]
  0x00000162c2af9a90 JavaThread "C2 CompilerThread0" daemon [_thread_in_native, id=24668, stack(0x00000044fd800000,0x00000044fd900000)]
  0x00000162c2b14bc0 JavaThread "C1 CompilerThread0" daemon [_thread_blocked, id=2116, stack(0x00000044fd900000,0x00000044fda00000)]
  0x00000162c2b29520 JavaThread "Sweeper thread" daemon [_thread_blocked, id=27124, stack(0x00000044fda00000,0x00000044fdb00000)]
  0x00000162c35f8310 JavaThread "Common-Cleaner" daemon [_thread_blocked, id=13452, stack(0x00000044fdb00000,0x00000044fdc00000)]
  0x00000162c35f8830 JavaThread "Notification Thread" daemon [_thread_blocked, id=2700, stack(0x00000044fdc00000,0x00000044fdd00000)]
  0x00000162c4ead400 JavaThread "Daemon health stats" [_thread_blocked, id=25796, stack(0x00000044fe500000,0x00000044fe600000)]
  0x00000162c45b7770 JavaThread "Incoming local TCP Connector on port 53338" [_thread_in_native, id=16120, stack(0x00000044fe600000,0x00000044fe700000)]
  0x00000162c4b358c0 JavaThread "Daemon periodic checks" [_thread_blocked, id=27432, stack(0x00000044fe700000,0x00000044fe800000)]
  0x00000162c5c58690 JavaThread "Cache worker for journal cache (C:\Users\Hunar_Letsko\.gradle\caches\journal-1)" [_thread_blocked, id=12444, stack(0x00000044fde00000,0x00000044fdf00000)]
  0x00000162c5c5a120 JavaThread "File lock request listener" [_thread_in_native, id=25160, stack(0x00000044fef00000,0x00000044ff000000)]
  0x00000162c5c5a670 JavaThread "Cache worker for file hash cache (C:\Users\Hunar_Letsko\.gradle\caches\7.4.1\fileHashes)" [_thread_blocked, id=22068, stack(0x00000044ff000000,0x00000044ff100000)]
  0x00000162c5c5b110 JavaThread "File watcher server" daemon [_thread_in_native, id=20408, stack(0x00000044ff300000,0x00000044ff400000)]
  0x00000162c5c5b660 JavaThread "File watcher consumer" daemon [_thread_blocked, id=27824, stack(0x00000044ff400000,0x00000044ff500000)]
  0x00000162c5c5bbb0 JavaThread "jar transforms" [_thread_blocked, id=19176, stack(0x00000044ff100000,0x00000044ff200000)]
  0x00000162c5c58be0 JavaThread "jar transforms Thread 2" [_thread_blocked, id=23996, stack(0x00000044ff200000,0x00000044ff300000)]
  0x00000162c5c59130 JavaThread "jar transforms Thread 3" [_thread_blocked, id=12656, stack(0x00000044ff500000,0x00000044ff600000)]
  0x00000162c7d96890 JavaThread "jar transforms Thread 4" [_thread_blocked, id=23984, stack(0x00000044ff600000,0x00000044ff700000)]
  0x00000162c7d96de0 JavaThread "jar transforms Thread 5" [_thread_blocked, id=21292, stack(0x00000044ff700000,0x00000044ff800000)]
  0x00000162c7d958a0 JavaThread "jar transforms Thread 6" [_thread_blocked, id=25228, stack(0x00000044ff800000,0x00000044ff900000)]
  0x00000162c7d9a300 JavaThread "jar transforms Thread 7" [_thread_blocked, id=10620, stack(0x00000044ff900000,0x00000044ffa00000)]
  0x00000162c7d938c0 JavaThread "jar transforms Thread 8" [_thread_blocked, id=22636, stack(0x00000044ffa00000,0x00000044ffb00000)]
  0x00000162c7d97330 JavaThread "Cache worker for execution history cache (C:\Users\Hunar_Letsko\.gradle\caches\7.4.1\executionHistory)" [_thread_blocked, id=8112, stack(0x0000004480400000,0x0000004480500000)]
  0x00000162c7d99310 JavaThread "Cache worker for file content cache (C:\Users\Hunar_Letsko\.gradle\caches\7.4.1\fileContent)" [_thread_blocked, id=3684, stack(0x0000004480500000,0x0000004480600000)]
  0x00000162c75a6170 JavaThread "Memory manager" [_thread_blocked, id=21076, stack(0x0000004482700000,0x0000004482800000)]
  0x00000162cd2f4500 JavaThread "Daemon Thread 2" [_thread_blocked, id=26608, stack(0x0000004480000000,0x0000004480100000)]
  0x00000162c3eccc50 JavaThread "Handler for socket connection from /127.0.0.1:53338 to /127.0.0.1:54293" [_thread_in_native, id=18072, stack(0x0000004480100000,0x0000004480200000)]
  0x00000162c3ecc700 JavaThread "Cancel handler" [_thread_blocked, id=25288, stack(0x0000004480200000,0x0000004480300000)]
  0x00000162c3ecd6f0 JavaThread "Daemon worker Thread 2" [_thread_in_Java, id=25888, stack(0x0000004480300000,0x0000004480400000)]
  0x00000162c7775390 JavaThread "Asynchronous log dispatcher for DefaultDaemonConnection: socket connection from /127.0.0.1:53338 to /127.0.0.1:54293" [_thread_blocked, id=8712, stack(0x0000004480600000,0x0000004480700000)]
  0x00000162c7773e50 JavaThread "Stdin handler" [_thread_blocked, id=20104, stack(0x0000004480700000,0x0000004480800000)]
  0x00000162c7774e40 JavaThread "Daemon client event forwarder" [_thread_blocked, id=28480, stack(0x0000004480800000,0x0000004480900000)]
  0x00000162c781eb00 JavaThread "Cache worker for checksums cache (D:\projects\cocurflux\.gradle\7.4.1\checksums)" [_thread_blocked, id=26564, stack(0x0000004480900000,0x0000004480a00000)]
  0x00000162c781e060 JavaThread "Cache worker for cache directory md-rule (C:\Users\Hunar_Letsko\.gradle\caches\7.4.1\md-rule)" [_thread_blocked, id=10436, stack(0x0000004480a00000,0x0000004480b00000)]
  0x00000162c781f5a0 JavaThread "Cache worker for file hash cache (D:\projects\cocurflux\.gradle\7.4.1\fileHashes)" [_thread_blocked, id=19452, stack(0x0000004480b00000,0x0000004480c00000)]
  0x00000162c781e5b0 JavaThread "Cache worker for cache directory md-supplier (C:\Users\Hunar_Letsko\.gradle\caches\7.4.1\md-supplier)" [_thread_blocked, id=172, stack(0x0000004480c00000,0x0000004480d00000)]
  0x00000162c786a0d0 JavaThread "C2 CompilerThread1" daemon [_thread_in_native, id=4272, stack(0x0000004480d00000,0x0000004480e00000)]
=>0x00000162cc9f0400 JavaThread "C2 CompilerThread2" daemon [_thread_in_native, id=27288, stack(0x0000004480e00000,0x0000004480f00000)]
  0x00000162c90255b0 JavaThread "Cache worker for dependencies-accessors (D:\projects\cocurflux\.gradle\7.4.1\dependencies-accessors)" [_thread_blocked, id=25672, stack(0x0000004480f00000,0x0000004481000000)]
  0x00000162c9026050 JavaThread "Cache worker for Build Output Cleanup Cache (D:\projects\cocurflux\.gradle\buildOutputCleanup)" [_thread_blocked, id=11708, stack(0x0000004481000000,0x0000004481100000)]
  0x00000162c9025060 JavaThread "Unconstrained build operations" [_thread_blocked, id=2412, stack(0x0000004481100000,0x0000004481200000)]
  0x00000162c8b605b0 JavaThread "Unconstrained build operations Thread 2" [_thread_blocked, id=11676, stack(0x0000004481200000,0x0000004481300000)]
  0x00000162c8b60060 JavaThread "Unconstrained build operations Thread 3" [_thread_blocked, id=25684, stack(0x0000004481300000,0x0000004481400000)]
  0x00000162c8b61af0 JavaThread "Unconstrained build operations Thread 4" [_thread_blocked, id=26064, stack(0x0000004481400000,0x0000004481500000)]
  0x00000162c8b62590 JavaThread "Unconstrained build operations Thread 5" [_thread_blocked, id=23228, stack(0x0000004481500000,0x0000004481600000)]
  0x00000162c8b63030 JavaThread "Unconstrained build operations Thread 6" [_thread_blocked, id=21068, stack(0x0000004481600000,0x0000004481700000)]
  0x00000162c77743a0 JavaThread "Unconstrained build operations Thread 7" [_thread_blocked, id=21000, stack(0x0000004481700000,0x0000004481800000)]
  0x00000162c3ecd1a0 JavaThread "Unconstrained build operations Thread 8" [_thread_blocked, id=15712, stack(0x0000004481800000,0x0000004481900000)]
  0x00000162c3ecdc40 JavaThread "Unconstrained build operations Thread 9" [_thread_blocked, id=22888, stack(0x0000004481900000,0x0000004481a00000)]
  0x00000162c8e48060 JavaThread "Unconstrained build operations Thread 10" [_thread_blocked, id=9492, stack(0x0000004481a00000,0x0000004481b00000)]
  0x00000162c8b60b00 JavaThread "Unconstrained build operations Thread 11" [_thread_blocked, id=6372, stack(0x0000004481b00000,0x0000004481c00000)]
  0x00000162c8b61050 JavaThread "Unconstrained build operations Thread 12" [_thread_blocked, id=27084, stack(0x0000004481c00000,0x0000004481d00000)]
  0x00000162c8b62ae0 JavaThread "Unconstrained build operations Thread 13" [_thread_blocked, id=21612, stack(0x0000004481d00000,0x0000004481e00000)]
  0x00000162c8b63580 JavaThread "Unconstrained build operations Thread 14" [_thread_blocked, id=27504, stack(0x0000004481e00000,0x0000004481f00000)]
  0x00000162c8b615a0 JavaThread "Unconstrained build operations Thread 15" [_thread_blocked, id=21884, stack(0x0000004481f00000,0x0000004482000000)]
  0x00000162cd2f5a40 JavaThread "Unconstrained build operations Thread 16" [_thread_blocked, id=2932, stack(0x0000004482000000,0x0000004482100000)]
  0x00000162cd2f3a60 JavaThread "Unconstrained build operations Thread 17" [_thread_blocked, id=4836, stack(0x0000004482100000,0x0000004482200000)]
  0x00000162cd2f4fa0 JavaThread "Unconstrained build operations Thread 18" [_thread_blocked, id=2592, stack(0x0000004482200000,0x0000004482300000)]
  0x00000162cd2f5f90 JavaThread "Unconstrained build operations Thread 19" [_thread_blocked, id=14748, stack(0x0000004482300000,0x0000004482400000)]
  0x00000162c8da9160 JavaThread "included builds" [_thread_blocked, id=20756, stack(0x0000004482400000,0x0000004482500000)]
  0x00000162c7762390 JavaThread "Cache worker for execution history cache (D:\projects\cocurflux\.gradle\7.4.1\executionHistory)" [_thread_blocked, id=18848, stack(0x0000004482d00000,0x0000004482e00000)]
  0x00000162c77618f0 JavaThread "Unconstrained build operations Thread 20" [_thread_blocked, id=26460, stack(0x0000004482500000,0x0000004482600000)]
  0x00000162c7762e30 JavaThread "Unconstrained build operations Thread 21" [_thread_blocked, id=28016, stack(0x0000004482600000,0x0000004482700000)]
  0x00000162c8b62040 JavaThread "Unconstrained build operations Thread 22" [_thread_blocked, id=2724, stack(0x0000004482800000,0x0000004482900000)]

Other Threads:
  0x00000162c2ad40e0 VMThread "VM Thread" [stack: 0x00000044fd100000,0x00000044fd200000] [id=1328]
  0x00000162c35fbd70 WatcherThread [stack: 0x00000044fdd00000,0x00000044fde00000] [id=10472]
  0x00000162a8356460 GCTaskThread "GC Thread#0" [stack: 0x00000044fcc00000,0x00000044fcd00000] [id=3368]
  0x00000162c3dfcf90 GCTaskThread "GC Thread#1" [stack: 0x00000044fdf00000,0x00000044fe000000] [id=22428]
  0x00000162c3dfd2a0 GCTaskThread "GC Thread#2" [stack: 0x00000044fe000000,0x00000044fe100000] [id=26464]
  0x00000162c4743440 GCTaskThread "GC Thread#3" [stack: 0x00000044fe100000,0x00000044fe200000] [id=2300]
  0x00000162c4743b60 GCTaskThread "GC Thread#4" [stack: 0x00000044fe200000,0x00000044fe300000] [id=26812]
  0x00000162c3ae1970 GCTaskThread "GC Thread#5" [stack: 0x00000044fe300000,0x00000044fe400000] [id=10940]
  0x00000162c5669780 GCTaskThread "GC Thread#6" [stack: 0x00000044ffd00000,0x00000044ffe00000] [id=812]
  0x00000162c566a3c0 GCTaskThread "GC Thread#7" [stack: 0x00000044ffe00000,0x00000044fff00000] [id=13976]
  0x00000162a835b4b0 ConcurrentGCThread "G1 Main Marker" [stack: 0x00000044fcd00000,0x00000044fce00000] [id=13680]
  0x00000162a835beb0 ConcurrentGCThread "G1 Conc#0" [stack: 0x00000044fce00000,0x00000044fcf00000] [id=16652]
  0x00000162c5669160 ConcurrentGCThread "G1 Conc#1" [stack: 0x00000044fff00000,0x0000004500000000] [id=9488]
  0x00000162a83fd3c0 ConcurrentGCThread "G1 Refine#0" [stack: 0x00000044fcf00000,0x00000044fd000000] [id=26284]
  0x00000162c3f9a080 ConcurrentGCThread "G1 Refine#1" [stack: 0x00000044fe400000,0x00000044fe500000] [id=10220]
  0x00000162a83fddd0 ConcurrentGCThread "G1 Service" [stack: 0x00000044fd000000,0x00000044fd100000] [id=18444]

Threads with active compile tasks:
C2 CompilerThread0   456692 15841       4       java.beans.MethodRef::set (58 bytes)
C1 CompilerThread0   456692 16127       3       io.spring.gradle.dependencymanagement.org.apache.maven.model.io.xpp3.MavenXpp3Reader::parseProfile (715 bytes)
C2 CompilerThread1   456692 15896 %     4       org.gradle.internal.instantiation.generator.AbstractClassGenerator::inspectType @ 77 (560 bytes)
C2 CompilerThread2   456692 15836       4       java.beans.Introspector::addMethod (196 bytes)

VM state: not at safepoint (normal execution)

VM Mutex/Monitor currently owned by a thread: None

Heap address: 0x00000000e0000000, size: 512 MB, Compressed Oops mode: 32-bit

CDS archive(s) mapped at: [0x0000000800000000-0x0000000800bb0000-0x0000000800bb0000), size 12255232, SharedBaseAddress: 0x0000000800000000, ArchiveRelocationMode: 0.
Compressed class space mapped at: 0x0000000800c00000-0x000000080dc00000, reserved size: 218103808
Narrow klass base: 0x0000000800000000, Narrow klass shift: 3, Narrow klass range: 0x100000000

GC Precious Log:
 CPUs: 8 total, 8 available
 Memory: 32350M
 Large Page Support: Disabled
 NUMA Support: Disabled
 Compressed Oops: Enabled (32-bit)
 Heap Region Size: 1M
 Heap Min Capacity: 256M
 Heap Initial Capacity: 256M
 Heap Max Capacity: 512M
 Pre-touch: Disabled
 Parallel Workers: 8
 Concurrent Workers: 2
 Concurrent Refinement Workers: 8
 Periodic GC: Disabled

Heap:
 garbage-first heap   total 262144K, used 185281K [0x00000000e0000000, 0x0000000100000000)
  region size 1024K, 61 young (62464K), 5 survivors (5120K)
 Metaspace       used 80147K, committed 80960K, reserved 286720K
  class space    used 10229K, committed 10624K, reserved 212992K

Heap Regions: E=young(eden), S=young(survivor), O=old, HS=humongous(starts), HC=humongous(continues), CS=collection set, F=free, OA=open archive, CA=closed archive, TAMS=top-at-mark-start (previous, next)
|   0|0x00000000e0000000, 0x00000000e0100000, 0x00000000e0100000|100%| O|  |TAMS 0x00000000e0100000, 0x00000000e0000000| Untracked 
|   1|0x00000000e0100000, 0x00000000e0200000, 0x00000000e0200000|100%| O|  |TAMS 0x00000000e0200000, 0x00000000e0100000| Untracked 
|   2|0x00000000e0200000, 0x00000000e0300000, 0x00000000e0300000|100%| O|  |TAMS 0x00000000e0300000, 0x00000000e0200000| Complete 
|   3|0x00000000e0300000, 0x00000000e0400000, 0x00000000e0400000|100%|HS|  |TAMS 0x00000000e0400000, 0x00000000e0300000| Complete 
|   4|0x00000000e0400000, 0x00000000e0500000, 0x00000000e0500000|100%|HC|  |TAMS 0x00000000e0500000, 0x00000000e0400000| Complete 
|   5|0x00000000e0500000, 0x00000000e0600000, 0x00000000e0600000|100%|HC|  |TAMS 0x00000000e0600000, 0x00000000e0500000| Complete 
|   6|0x00000000e0600000, 0x00000000e0700000, 0x00000000e0700000|100%| O|  |TAMS 0x00000000e0700000, 0x00000000e0600000| Untracked 
|   7|0x00000000e0700000, 0x00000000e0800000, 0x00000000e0800000|100%| O|  |TAMS 0x00000000e0800000, 0x00000000e0700000| Untracked 
|   8|0x00000000e0800000, 0x00000000e0900000, 0x00000000e0900000|100%| O|  |TAMS 0x00000000e0900000, 0x00000000e0800000| Untracked 
|   9|0x00000000e0900000, 0x00000000e0a00000, 0x00000000e0a00000|100%| O|  |TAMS 0x00000000e0a00000, 0x00000000e0900000| Untracked 
|  10|0x00000000e0a00000, 0x00000000e0b00000, 0x00000000e0b00000|100%|HS|  |TAMS 0x00000000e0b00000, 0x00000000e0a00000| Complete 
|  11|0x00000000e0b00000, 0x00000000e0c00000, 0x00000000e0c00000|100%|HC|  |TAMS 0x00000000e0c00000, 0x00000000e0b00000| Complete 
|  12|0x00000000e0c00000, 0x00000000e0d00000, 0x00000000e0d00000|100%|HS|  |TAMS 0x00000000e0d00000, 0x00000000e0c00000| Complete 
|  13|0x00000000e0d00000, 0x00000000e0e00000, 0x00000000e0e00000|100%|HC|  |TAMS 0x00000000e0e00000, 0x00000000e0d00000| Complete 
|  14|0x00000000e0e00000, 0x00000000e0f00000, 0x00000000e0f00000|100%|HC|  |TAMS 0x00000000e0f00000, 0x00000000e0e00000| Complete 
|  15|0x00000000e0f00000, 0x00000000e1000000, 0x00000000e1000000|100%|HS|  |TAMS 0x00000000e1000000, 0x00000000e0f00000| Complete 
|  16|0x00000000e1000000, 0x00000000e1100000, 0x00000000e1100000|100%|HS|  |TAMS 0x00000000e1100000, 0x00000000e1000000| Complete 
|  17|0x00000000e1100000, 0x00000000e1200000, 0x00000000e1200000|100%|HC|  |TAMS 0x00000000e1200000, 0x00000000e1100000| Complete 
|  18|0x00000000e1200000, 0x00000000e1300000, 0x00000000e1300000|100%|HC|  |TAMS 0x00000000e1300000, 0x00000000e1200000| Complete 
|  19|0x00000000e1300000, 0x00000000e1400000, 0x00000000e1400000|100%|HC|  |TAMS 0x00000000e1400000, 0x00000000e1300000| Complete 
|  20|0x00000000e1400000, 0x00000000e1500000, 0x00000000e1500000|100%|HS|  |TAMS 0x00000000e1500000, 0x00000000e1400000| Complete 
|  21|0x00000000e1500000, 0x00000000e1600000, 0x00000000e1600000|100%|HC|  |TAMS 0x00000000e1600000, 0x00000000e1500000| Complete 
|  22|0x00000000e1600000, 0x00000000e1700000, 0x00000000e1700000|100%|HC|  |TAMS 0x00000000e1700000, 0x00000000e1600000| Complete 
|  23|0x00000000e1700000, 0x00000000e1800000, 0x00000000e1800000|100%|HC|  |TAMS 0x00000000e1800000, 0x00000000e1700000| Complete 
|  24|0x00000000e1800000, 0x00000000e1900000, 0x00000000e1900000|100%| O|  |TAMS 0x00000000e1900000, 0x00000000e1800000| Untracked 
|  25|0x00000000e1900000, 0x00000000e1a00000, 0x00000000e1a00000|100%| O|  |TAMS 0x00000000e1a00000, 0x00000000e1900000| Untracked 
|  26|0x00000000e1a00000, 0x00000000e1b00000, 0x00000000e1b00000|100%| O|  |TAMS 0x00000000e1b00000, 0x00000000e1a00000| Untracked 
|  27|0x00000000e1b00000, 0x00000000e1c00000, 0x00000000e1c00000|100%| O|  |TAMS 0x00000000e1c00000, 0x00000000e1b00000| Complete 
|  28|0x00000000e1c00000, 0x00000000e1d00000, 0x00000000e1d00000|100%| O|  |TAMS 0x00000000e1d00000, 0x00000000e1c00000| Untracked 
|  29|0x00000000e1d00000, 0x00000000e1e00000, 0x00000000e1e00000|100%| O|  |TAMS 0x00000000e1e00000, 0x00000000e1d00000| Untracked 
|  30|0x00000000e1e00000, 0x00000000e1f00000, 0x00000000e1f00000|100%| O|  |TAMS 0x00000000e1f00000, 0x00000000e1e00000| Untracked 
|  31|0x00000000e1f00000, 0x00000000e2000000, 0x00000000e2000000|100%| O|  |TAMS 0x00000000e2000000, 0x00000000e1f00000| Untracked 
|  32|0x00000000e2000000, 0x00000000e2100000, 0x00000000e2100000|100%| O|  |TAMS 0x00000000e2100000, 0x00000000e2000000| Untracked 
|  33|0x00000000e2100000, 0x00000000e2200000, 0x00000000e2200000|100%| O|  |TAMS 0x00000000e2200000, 0x00000000e2100000| Untracked 
|  34|0x00000000e2200000, 0x00000000e2300000, 0x00000000e2300000|100%| O|  |TAMS 0x00000000e2300000, 0x00000000e2200000| Untracked 
|  35|0x00000000e2300000, 0x00000000e2400000, 0x00000000e2400000|100%| O|  |TAMS 0x00000000e2400000, 0x00000000e2300000| Untracked 
|  36|0x00000000e2400000, 0x00000000e2500000, 0x00000000e2500000|100%| O|  |TAMS 0x00000000e2500000, 0x00000000e2400000| Untracked 
|  37|0x00000000e2500000, 0x00000000e2600000, 0x00000000e2600000|100%| O|  |TAMS 0x00000000e2600000, 0x00000000e2500000| Untracked 
|  38|0x00000000e2600000, 0x00000000e2700000, 0x00000000e2700000|100%| O|  |TAMS 0x00000000e2700000, 0x00000000e2600000| Untracked 
|  39|0x00000000e2700000, 0x00000000e2800000, 0x00000000e2800000|100%| O|  |TAMS 0x00000000e2800000, 0x00000000e2700000| Untracked 
|  40|0x00000000e2800000, 0x00000000e2900000, 0x00000000e2900000|100%| O|  |TAMS 0x00000000e2900000, 0x00000000e2800000| Complete 
|  41|0x00000000e2900000, 0x00000000e2a00000, 0x00000000e2a00000|100%| O|  |TAMS 0x00000000e2a00000, 0x00000000e2900000| Untracked 
|  42|0x00000000e2a00000, 0x00000000e2b00000, 0x00000000e2b00000|100%| O|  |TAMS 0x00000000e2b00000, 0x00000000e2a00000| Untracked 
|  43|0x00000000e2b00000, 0x00000000e2c00000, 0x00000000e2c00000|100%| O|  |TAMS 0x00000000e2c00000, 0x00000000e2b00000| Complete 
|  44|0x00000000e2c00000, 0x00000000e2d00000, 0x00000000e2d00000|100%|HS|  |TAMS 0x00000000e2d00000, 0x00000000e2c00000| Complete 
|  45|0x00000000e2d00000, 0x00000000e2e00000, 0x00000000e2e00000|100%|HC|  |TAMS 0x00000000e2e00000, 0x00000000e2d00000| Complete 
|  46|0x00000000e2e00000, 0x00000000e2f00000, 0x00000000e2f00000|100%|HC|  |TAMS 0x00000000e2f00000, 0x00000000e2e00000| Complete 
|  47|0x00000000e2f00000, 0x00000000e3000000, 0x00000000e3000000|100%|HC|  |TAMS 0x00000000e3000000, 0x00000000e2f00000| Complete 
|  48|0x00000000e3000000, 0x00000000e3100000, 0x00000000e3100000|100%|HS|  |TAMS 0x00000000e3100000, 0x00000000e3000000| Complete 
|  49|0x00000000e3100000, 0x00000000e3200000, 0x00000000e3200000|100%|HC|  |TAMS 0x00000000e3200000, 0x00000000e3100000| Complete 
|  50|0x00000000e3200000, 0x00000000e3300000, 0x00000000e3300000|100%|HC|  |TAMS 0x00000000e3300000, 0x00000000e3200000| Complete 
|  51|0x00000000e3300000, 0x00000000e3400000, 0x00000000e3400000|100%| O|  |TAMS 0x00000000e3400000, 0x00000000e3300000| Complete 
|  52|0x00000000e3400000, 0x00000000e3500000, 0x00000000e3500000|100%| O|  |TAMS 0x00000000e3500000, 0x00000000e3400000| Complete 
|  53|0x00000000e3500000, 0x00000000e3600000, 0x00000000e3600000|100%| O|  |TAMS 0x00000000e3600000, 0x00000000e3500000| Complete 
|  54|0x00000000e3600000, 0x00000000e3700000, 0x00000000e3700000|100%|HS|  |TAMS 0x00000000e3700000, 0x00000000e3600000| Complete 
|  55|0x00000000e3700000, 0x00000000e3800000, 0x00000000e3800000|100%| O|  |TAMS 0x00000000e3800000, 0x00000000e3700000| Complete 
|  56|0x00000000e3800000, 0x00000000e3900000, 0x00000000e3900000|100%| O|  |TAMS 0x00000000e3900000, 0x00000000e3800000| Complete 
|  57|0x00000000e3900000, 0x00000000e3a00000, 0x00000000e3a00000|100%| O|  |TAMS 0x00000000e3a00000, 0x00000000e3900000| Complete 
|  58|0x00000000e3a00000, 0x00000000e3b00000, 0x00000000e3b00000|100%| O|  |TAMS 0x00000000e3b00000, 0x00000000e3a00000| Complete 
|  59|0x00000000e3b00000, 0x00000000e3c00000, 0x00000000e3c00000|100%| O|  |TAMS 0x00000000e3c00000, 0x00000000e3b00000| Untracked 
|  60|0x00000000e3c00000, 0x00000000e3d00000, 0x00000000e3d00000|100%| O|  |TAMS 0x00000000e3d00000, 0x00000000e3c00000| Complete 
|  61|0x00000000e3d00000, 0x00000000e3e00000, 0x00000000e3e00000|100%| O|  |TAMS 0x00000000e3e00000, 0x00000000e3d00000| Untracked 
|  62|0x00000000e3e00000, 0x00000000e3f00000, 0x00000000e3f00000|100%| O|  |TAMS 0x00000000e3f00000, 0x00000000e3e00000| Complete 
|  63|0x00000000e3f00000, 0x00000000e4000000, 0x00000000e4000000|100%| O|  |TAMS 0x00000000e4000000, 0x00000000e3f00000| Complete 
|  64|0x00000000e4000000, 0x00000000e4100000, 0x00000000e4100000|100%|HS|  |TAMS 0x00000000e4100000, 0x00000000e4000000| Complete 
|  65|0x00000000e4100000, 0x00000000e4200000, 0x00000000e4200000|100%|HC|  |TAMS 0x00000000e4200000, 0x00000000e4100000| Complete 
|  66|0x00000000e4200000, 0x00000000e4300000, 0x00000000e4300000|100%|HS|  |TAMS 0x00000000e4300000, 0x00000000e4200000| Complete 
|  67|0x00000000e4300000, 0x00000000e4400000, 0x00000000e4400000|100%| O|  |TAMS 0x00000000e4400000, 0x00000000e4300000| Complete 
|  68|0x00000000e4400000, 0x00000000e4500000, 0x00000000e4500000|100%| O|  |TAMS 0x00000000e4500000, 0x00000000e4400000| Complete 
|  69|0x00000000e4500000, 0x00000000e4600000, 0x00000000e4600000|100%| O|  |TAMS 0x00000000e4600000, 0x00000000e4500000| Complete 
|  70|0x00000000e4600000, 0x00000000e4700000, 0x00000000e4700000|100%| O|  |TAMS 0x00000000e4700000, 0x00000000e4600000| Untracked 
|  71|0x00000000e4700000, 0x00000000e4800000, 0x00000000e4800000|100%| O|  |TAMS 0x00000000e4800000, 0x00000000e4700000| Complete 
|  72|0x00000000e4800000, 0x00000000e4900000, 0x00000000e4900000|100%| O|  |TAMS 0x00000000e4900000, 0x00000000e4800000| Untracked 
|  73|0x00000000e4900000, 0x00000000e4a00000, 0x00000000e4a00000|100%| O|  |TAMS 0x00000000e4a00000, 0x00000000e4900000| Complete 
|  74|0x00000000e4a00000, 0x00000000e4b00000, 0x00000000e4b00000|100%| O|  |TAMS 0x00000000e4b00000, 0x00000000e4a00000| Complete 
|  75|0x00000000e4b00000, 0x00000000e4c00000, 0x00000000e4c00000|100%| O|  |TAMS 0x00000000e4c00000, 0x00000000e4b00000| Complete 
|  76|0x00000000e4c00000, 0x00000000e4d00000, 0x00000000e4d00000|100%| O|  |TAMS 0x00000000e4d00000, 0x00000000e4c00000| Complete 
|  77|0x00000000e4d00000, 0x00000000e4e00000, 0x00000000e4e00000|100%| O|  |TAMS 0x00000000e4e00000, 0x00000000e4d00000| Complete 
|  78|0x00000000e4e00000, 0x00000000e4f00000, 0x00000000e4f00000|100%|HS|  |TAMS 0x00000000e4f00000, 0x00000000e4e00000| Complete 
|  79|0x00000000e4f00000, 0x00000000e5000000, 0x00000000e5000000|100%|HC|  |TAMS 0x00000000e5000000, 0x00000000e4f00000| Complete 
|  80|0x00000000e5000000, 0x00000000e5100000, 0x00000000e5100000|100%|HC|  |TAMS 0x00000000e5100000, 0x00000000e5000000| Complete 
|  81|0x00000000e5100000, 0x00000000e5200000, 0x00000000e5200000|100%|HC|  |TAMS 0x00000000e5200000, 0x00000000e5100000| Complete 
|  82|0x00000000e5200000, 0x00000000e5300000, 0x00000000e5300000|100%| O|  |TAMS 0x00000000e5300000, 0x00000000e5200000| Complete 
|  83|0x00000000e5300000, 0x00000000e5400000, 0x00000000e5400000|100%| O|  |TAMS 0x00000000e5400000, 0x00000000e5300000| Complete 
|  84|0x00000000e5400000, 0x00000000e5500000, 0x00000000e5500000|100%| O|  |TAMS 0x00000000e5500000, 0x00000000e5400000| Complete 
|  85|0x00000000e5500000, 0x00000000e5600000, 0x00000000e5600000|100%| O|  |TAMS 0x00000000e5600000, 0x00000000e5500000| Complete 
|  86|0x00000000e5600000, 0x00000000e5700000, 0x00000000e5700000|100%| O|  |TAMS 0x00000000e5700000, 0x00000000e5600000| Complete 
|  87|0x00000000e5700000, 0x00000000e5800000, 0x00000000e5800000|100%| O|  |TAMS 0x00000000e5800000, 0x00000000e5700000| Complete 
|  88|0x00000000e5800000, 0x00000000e5900000, 0x00000000e5900000|100%|HS|  |TAMS 0x00000000e5900000, 0x00000000e5800000| Complete 
|  89|0x00000000e5900000, 0x00000000e5a00000, 0x00000000e5a00000|100%|HC|  |TAMS 0x00000000e5a00000, 0x00000000e5900000| Complete 
|  90|0x00000000e5a00000, 0x00000000e5b00000, 0x00000000e5b00000|100%|HC|  |TAMS 0x00000000e5b00000, 0x00000000e5a00000| Complete 
|  91|0x00000000e5b00000, 0x00000000e5c00000, 0x00000000e5c00000|100%| O|  |TAMS 0x00000000e5c00000, 0x00000000e5b00000| Untracked 
|  92|0x00000000e5c00000, 0x00000000e5d00000, 0x00000000e5d00000|100%| O|  |TAMS 0x00000000e5d00000, 0x00000000e5c00000| Complete 
|  93|0x00000000e5d00000, 0x00000000e5e00000, 0x00000000e5e00000|100%| O|  |TAMS 0x00000000e5e00000, 0x00000000e5d00000| Complete 
|  94|0x00000000e5e00000, 0x00000000e5f00000, 0x00000000e5f00000|100%|HS|  |TAMS 0x00000000e5f00000, 0x00000000e5e00000| Complete 
|  95|0x00000000e5f00000, 0x00000000e6000000, 0x00000000e6000000|100%|HC|  |TAMS 0x00000000e6000000, 0x00000000e5f00000| Complete 
|  96|0x00000000e6000000, 0x00000000e6100000, 0x00000000e6100000|100%|HC|  |TAMS 0x00000000e6100000, 0x00000000e6000000| Complete 
|  97|0x00000000e6100000, 0x00000000e6200000, 0x00000000e6200000|100%|HC|  |TAMS 0x00000000e6200000, 0x00000000e6100000| Complete 
|  98|0x00000000e6200000, 0x00000000e6300000, 0x00000000e6300000|100%|HS|  |TAMS 0x00000000e6300000, 0x00000000e6200000| Complete 
|  99|0x00000000e6300000, 0x00000000e6400000, 0x00000000e6400000|100%|HC|  |TAMS 0x00000000e6400000, 0x00000000e6300000| Complete 
| 100|0x00000000e6400000, 0x00000000e6500000, 0x00000000e6500000|100%|HC|  |TAMS 0x00000000e6500000, 0x00000000e6400000| Complete 
| 101|0x00000000e6500000, 0x00000000e6600000, 0x00000000e6600000|100%|HC|  |TAMS 0x00000000e6600000, 0x00000000e6500000| Complete 
| 102|0x00000000e6600000, 0x00000000e6700000, 0x00000000e6700000|100%| O|  |TAMS 0x00000000e6700000, 0x00000000e6600000| Untracked 
| 103|0x00000000e6700000, 0x00000000e6800000, 0x00000000e6800000|100%| O|  |TAMS 0x00000000e6800000, 0x00000000e6700000| Complete 
| 104|0x00000000e6800000, 0x00000000e6900000, 0x00000000e6900000|100%| O|  |TAMS 0x00000000e6900000, 0x00000000e6800000| Untracked 
| 105|0x00000000e6900000, 0x00000000e6a00000, 0x00000000e6a00000|100%| O|  |TAMS 0x00000000e6a00000, 0x00000000e6900000| Complete 
| 106|0x00000000e6a00000, 0x00000000e6b00000, 0x00000000e6b00000|100%| O|  |TAMS 0x00000000e6b00000, 0x00000000e6a00000| Untracked 
| 107|0x00000000e6b00000, 0x00000000e6c00000, 0x00000000e6c00000|100%| O|  |TAMS 0x00000000e6c00000, 0x00000000e6b00000| Untracked 
| 108|0x00000000e6c00000, 0x00000000e6d00000, 0x00000000e6d00000|100%| O|  |TAMS 0x00000000e6d00000, 0x00000000e6c00000| Untracked 
| 109|0x00000000e6d00000, 0x00000000e6e00000, 0x00000000e6e00000|100%| O|  |TAMS 0x00000000e6e00000, 0x00000000e6d00000| Complete 
| 110|0x00000000e6e00000, 0x00000000e6f00000, 0x00000000e6f00000|100%| O|  |TAMS 0x00000000e6f00000, 0x00000000e6e00000| Untracked 
| 111|0x00000000e6f00000, 0x00000000e7000000, 0x00000000e7000000|100%| O|  |TAMS 0x00000000e7000000, 0x00000000e6f00000| Complete 
| 112|0x00000000e7000000, 0x00000000e7100000, 0x00000000e7100000|100%| O|  |TAMS 0x00000000e7100000, 0x00000000e7000000| Untracked 
| 113|0x00000000e7100000, 0x00000000e7200000, 0x00000000e7200000|100%| O|  |TAMS 0x00000000e7200000, 0x00000000e7100000| Untracked 
| 114|0x00000000e7200000, 0x00000000e7300000, 0x00000000e7300000|100%| O|  |TAMS 0x00000000e7300000, 0x00000000e7200000| Untracked 
| 115|0x00000000e7300000, 0x00000000e7400000, 0x00000000e7400000|100%| O|  |TAMS 0x00000000e7400000, 0x00000000e7300000| Untracked 
| 116|0x00000000e7400000, 0x00000000e7500000, 0x00000000e7500000|100%| O|  |TAMS 0x00000000e7484e00, 0x00000000e7400000| Complete 
| 117|0x00000000e7500000, 0x00000000e7600000, 0x00000000e7600000|100%| O|  |TAMS 0x00000000e7500000, 0x00000000e7500000| Untracked 
| 118|0x00000000e7600000, 0x00000000e7700000, 0x00000000e7700000|100%| O|  |TAMS 0x00000000e7600000, 0x00000000e7600000| Untracked 
| 119|0x00000000e7700000, 0x00000000e7800000, 0x00000000e7800000|100%| O|  |TAMS 0x00000000e7700000, 0x00000000e7700000| Untracked 
| 120|0x00000000e7800000, 0x00000000e7900000, 0x00000000e7900000|100%| O|  |TAMS 0x00000000e7800000, 0x00000000e7800000| Untracked 
| 121|0x00000000e7900000, 0x00000000e7900000, 0x00000000e7a00000|  0%| F|  |TAMS 0x00000000e7900000, 0x00000000e7900000| Untracked 
| 122|0x00000000e7a00000, 0x00000000e7a00000, 0x00000000e7b00000|  0%| F|  |TAMS 0x00000000e7a00000, 0x00000000e7a00000| Untracked 
| 123|0x00000000e7b00000, 0x00000000e7b00000, 0x00000000e7c00000|  0%| F|  |TAMS 0x00000000e7b00000, 0x00000000e7b00000| Untracked 
| 124|0x00000000e7c00000, 0x00000000e7c00000, 0x00000000e7d00000|  0%| F|  |TAMS 0x00000000e7c00000, 0x00000000e7c00000| Untracked 
| 125|0x00000000e7d00000, 0x00000000e7d00000, 0x00000000e7e00000|  0%| F|  |TAMS 0x00000000e7d00000, 0x00000000e7d00000| Untracked 
| 126|0x00000000e7e00000, 0x00000000e7e00000, 0x00000000e7f00000|  0%| F|  |TAMS 0x00000000e7e00000, 0x00000000e7e00000| Untracked 
| 127|0x00000000e7f00000, 0x00000000e7f00000, 0x00000000e8000000|  0%| F|  |TAMS 0x00000000e7f00000, 0x00000000e7f00000| Untracked 
| 128|0x00000000e8000000, 0x00000000e8000000, 0x00000000e8100000|  0%| F|  |TAMS 0x00000000e8000000, 0x00000000e8000000| Untracked 
| 129|0x00000000e8100000, 0x00000000e8100000, 0x00000000e8200000|  0%| F|  |TAMS 0x00000000e8100000, 0x00000000e8100000| Untracked 
| 130|0x00000000e8200000, 0x00000000e8200000, 0x00000000e8300000|  0%| F|  |TAMS 0x00000000e8200000, 0x00000000e8200000| Untracked 
| 131|0x00000000e8300000, 0x00000000e8300000, 0x00000000e8400000|  0%| F|  |TAMS 0x00000000e8300000, 0x00000000e8300000| Untracked 
| 132|0x00000000e8400000, 0x00000000e8400000, 0x00000000e8500000|  0%| F|  |TAMS 0x00000000e8400000, 0x00000000e8400000| Untracked 
| 133|0x00000000e8500000, 0x00000000e8500000, 0x00000000e8600000|  0%| F|  |TAMS 0x00000000e8500000, 0x00000000e8500000| Untracked 
| 134|0x00000000e8600000, 0x00000000e8600000, 0x00000000e8700000|  0%| F|  |TAMS 0x00000000e8600000, 0x00000000e8600000| Untracked 
| 135|0x00000000e8700000, 0x00000000e8700000, 0x00000000e8800000|  0%| F|  |TAMS 0x00000000e8700000, 0x00000000e8700000| Untracked 
| 136|0x00000000e8800000, 0x00000000e8800000, 0x00000000e8900000|  0%| F|  |TAMS 0x00000000e8800000, 0x00000000e8800000| Untracked 
| 137|0x00000000e8900000, 0x00000000e8900000, 0x00000000e8a00000|  0%| F|  |TAMS 0x00000000e8900000, 0x00000000e8900000| Untracked 
| 138|0x00000000e8a00000, 0x00000000e8a00000, 0x00000000e8b00000|  0%| F|  |TAMS 0x00000000e8a00000, 0x00000000e8a00000| Untracked 
| 139|0x00000000e8b00000, 0x00000000e8b00000, 0x00000000e8c00000|  0%| F|  |TAMS 0x00000000e8b00000, 0x00000000e8b00000| Untracked 
| 140|0x00000000e8c00000, 0x00000000e8c00000, 0x00000000e8d00000|  0%| F|  |TAMS 0x00000000e8c00000, 0x00000000e8c00000| Untracked 
| 141|0x00000000e8d00000, 0x00000000e8d00000, 0x00000000e8e00000|  0%| F|  |TAMS 0x00000000e8d00000, 0x00000000e8d00000| Untracked 
| 142|0x00000000e8e00000, 0x00000000e8e00000, 0x00000000e8f00000|  0%| F|  |TAMS 0x00000000e8e00000, 0x00000000e8e00000| Untracked 
| 143|0x00000000e8f00000, 0x00000000e8f00000, 0x00000000e9000000|  0%| F|  |TAMS 0x00000000e8f00000, 0x00000000e8f00000| Untracked 
| 144|0x00000000e9000000, 0x00000000e9000000, 0x00000000e9100000|  0%| F|  |TAMS 0x00000000e9000000, 0x00000000e9000000| Untracked 
| 145|0x00000000e9100000, 0x00000000e9100000, 0x00000000e9200000|  0%| F|  |TAMS 0x00000000e9100000, 0x00000000e9100000| Untracked 
| 146|0x00000000e9200000, 0x00000000e9200000, 0x00000000e9300000|  0%| F|  |TAMS 0x00000000e9200000, 0x00000000e9200000| Untracked 
| 147|0x00000000e9300000, 0x00000000e9300000, 0x00000000e9400000|  0%| F|  |TAMS 0x00000000e9300000, 0x00000000e9300000| Untracked 
| 148|0x00000000e9400000, 0x00000000e9400000, 0x00000000e9500000|  0%| F|  |TAMS 0x00000000e9400000, 0x00000000e9400000| Untracked 
| 149|0x00000000e9500000, 0x00000000e9500000, 0x00000000e9600000|  0%| F|  |TAMS 0x00000000e9500000, 0x00000000e9500000| Untracked 
| 150|0x00000000e9600000, 0x00000000e9600000, 0x00000000e9700000|  0%| F|  |TAMS 0x00000000e9600000, 0x00000000e9600000| Untracked 
| 151|0x00000000e9700000, 0x00000000e9700000, 0x00000000e9800000|  0%| F|  |TAMS 0x00000000e9700000, 0x00000000e9700000| Untracked 
| 152|0x00000000e9800000, 0x00000000e9800000, 0x00000000e9900000|  0%| F|  |TAMS 0x00000000e9800000, 0x00000000e9800000| Untracked 
| 153|0x00000000e9900000, 0x00000000e9900000, 0x00000000e9a00000|  0%| F|  |TAMS 0x00000000e9900000, 0x00000000e9900000| Untracked 
| 154|0x00000000e9a00000, 0x00000000e9af07d0, 0x00000000e9b00000| 93%| S|CS|TAMS 0x00000000e9a00000, 0x00000000e9a00000| Complete 
| 155|0x00000000e9b00000, 0x00000000e9c00000, 0x00000000e9c00000|100%| S|CS|TAMS 0x00000000e9b00000, 0x00000000e9b00000| Complete 
| 156|0x00000000e9c00000, 0x00000000e9d00000, 0x00000000e9d00000|100%| S|CS|TAMS 0x00000000e9c00000, 0x00000000e9c00000| Complete 
| 157|0x00000000e9d00000, 0x00000000e9d00000, 0x00000000e9e00000|  0%| F|  |TAMS 0x00000000e9d00000, 0x00000000e9d00000| Untracked 
| 158|0x00000000e9e00000, 0x00000000e9e00000, 0x00000000e9f00000|  0%| F|  |TAMS 0x00000000e9e00000, 0x00000000e9e00000| Untracked 
| 159|0x00000000e9f00000, 0x00000000e9f00000, 0x00000000ea000000|  0%| F|  |TAMS 0x00000000e9f00000, 0x00000000e9f00000| Untracked 
| 160|0x00000000ea000000, 0x00000000ea000000, 0x00000000ea100000|  0%| F|  |TAMS 0x00000000ea000000, 0x00000000ea000000| Untracked 
| 161|0x00000000ea100000, 0x00000000ea100000, 0x00000000ea200000|  0%| F|  |TAMS 0x00000000ea100000, 0x00000000ea100000| Untracked 
| 162|0x00000000ea200000, 0x00000000ea200000, 0x00000000ea300000|  0%| F|  |TAMS 0x00000000ea200000, 0x00000000ea200000| Untracked 
| 163|0x00000000ea300000, 0x00000000ea400000, 0x00000000ea400000|100%| S|CS|TAMS 0x00000000ea300000, 0x00000000ea300000| Complete 
| 164|0x00000000ea400000, 0x00000000ea400000, 0x00000000ea500000|  0%| F|  |TAMS 0x00000000ea400000, 0x00000000ea400000| Untracked 
| 165|0x00000000ea500000, 0x00000000ea500000, 0x00000000ea600000|  0%| F|  |TAMS 0x00000000ea500000, 0x00000000ea500000| Untracked 
| 166|0x00000000ea600000, 0x00000000ea600000, 0x00000000ea700000|  0%| F|  |TAMS 0x00000000ea600000, 0x00000000ea600000| Untracked 
| 167|0x00000000ea700000, 0x00000000ea800000, 0x00000000ea800000|100%| S|CS|TAMS 0x00000000ea700000, 0x00000000ea700000| Complete 
| 168|0x00000000ea800000, 0x00000000ea800000, 0x00000000ea900000|  0%| F|  |TAMS 0x00000000ea800000, 0x00000000ea800000| Untracked 
| 169|0x00000000ea900000, 0x00000000ea900000, 0x00000000eaa00000|  0%| F|  |TAMS 0x00000000ea900000, 0x00000000ea900000| Untracked 
| 170|0x00000000eaa00000, 0x00000000eaa00000, 0x00000000eab00000|  0%| F|  |TAMS 0x00000000eaa00000, 0x00000000eaa00000| Untracked 
| 171|0x00000000eab00000, 0x00000000eab00000, 0x00000000eac00000|  0%| F|  |TAMS 0x00000000eab00000, 0x00000000eab00000| Untracked 
| 172|0x00000000eac00000, 0x00000000eac00000, 0x00000000ead00000|  0%| F|  |TAMS 0x00000000eac00000, 0x00000000eac00000| Untracked 
| 173|0x00000000ead00000, 0x00000000ead00000, 0x00000000eae00000|  0%| F|  |TAMS 0x00000000ead00000, 0x00000000ead00000| Untracked 
| 174|0x00000000eae00000, 0x00000000eae00000, 0x00000000eaf00000|  0%| F|  |TAMS 0x00000000eae00000, 0x00000000eae00000| Untracked 
| 175|0x00000000eaf00000, 0x00000000eaf00000, 0x00000000eb000000|  0%| F|  |TAMS 0x00000000eaf00000, 0x00000000eaf00000| Untracked 
| 176|0x00000000eb000000, 0x00000000eb000000, 0x00000000eb100000|  0%| F|  |TAMS 0x00000000eb000000, 0x00000000eb000000| Untracked 
| 177|0x00000000eb100000, 0x00000000eb100000, 0x00000000eb200000|  0%| F|  |TAMS 0x00000000eb100000, 0x00000000eb100000| Untracked 
| 178|0x00000000eb200000, 0x00000000eb200000, 0x00000000eb300000|  0%| F|  |TAMS 0x00000000eb200000, 0x00000000eb200000| Untracked 
| 179|0x00000000eb300000, 0x00000000eb300000, 0x00000000eb400000|  0%| F|  |TAMS 0x00000000eb300000, 0x00000000eb300000| Untracked 
| 180|0x00000000eb400000, 0x00000000eb400000, 0x00000000eb500000|  0%| F|  |TAMS 0x00000000eb400000, 0x00000000eb400000| Untracked 
| 181|0x00000000eb500000, 0x00000000eb500000, 0x00000000eb600000|  0%| F|  |TAMS 0x00000000eb500000, 0x00000000eb500000| Untracked 
| 182|0x00000000eb600000, 0x00000000eb600000, 0x00000000eb700000|  0%| F|  |TAMS 0x00000000eb600000, 0x00000000eb600000| Untracked 
| 183|0x00000000eb700000, 0x00000000eb700000, 0x00000000eb800000|  0%| F|  |TAMS 0x00000000eb700000, 0x00000000eb700000| Untracked 
| 184|0x00000000eb800000, 0x00000000eb800000, 0x00000000eb900000|  0%| F|  |TAMS 0x00000000eb800000, 0x00000000eb800000| Untracked 
| 185|0x00000000eb900000, 0x00000000eb900000, 0x00000000eba00000|  0%| F|  |TAMS 0x00000000eb900000, 0x00000000eb900000| Untracked 
| 186|0x00000000eba00000, 0x00000000eba00000, 0x00000000ebb00000|  0%| F|  |TAMS 0x00000000eba00000, 0x00000000eba00000| Untracked 
| 187|0x00000000ebb00000, 0x00000000ebb00000, 0x00000000ebc00000|  0%| F|  |TAMS 0x00000000ebb00000, 0x00000000ebb00000| Untracked 
| 188|0x00000000ebc00000, 0x00000000ebc00000, 0x00000000ebd00000|  0%| F|  |TAMS 0x00000000ebc00000, 0x00000000ebc00000| Untracked 
| 189|0x00000000ebd00000, 0x00000000ebd00000, 0x00000000ebe00000|  0%| F|  |TAMS 0x00000000ebd00000, 0x00000000ebd00000| Untracked 
| 190|0x00000000ebe00000, 0x00000000ebe00000, 0x00000000ebf00000|  0%| F|  |TAMS 0x00000000ebe00000, 0x00000000ebe00000| Untracked 
| 191|0x00000000ebf00000, 0x00000000ebf00000, 0x00000000ec000000|  0%| F|  |TAMS 0x00000000ebf00000, 0x00000000ebf00000| Untracked 
| 192|0x00000000ec000000, 0x00000000ec000000, 0x00000000ec100000|  0%| F|  |TAMS 0x00000000ec000000, 0x00000000ec000000| Untracked 
| 193|0x00000000ec100000, 0x00000000ec100000, 0x00000000ec200000|  0%| F|  |TAMS 0x00000000ec100000, 0x00000000ec100000| Untracked 
| 194|0x00000000ec200000, 0x00000000ec200000, 0x00000000ec300000|  0%| F|  |TAMS 0x00000000ec200000, 0x00000000ec200000| Untracked 
| 195|0x00000000ec300000, 0x00000000ec300000, 0x00000000ec400000|  0%| F|  |TAMS 0x00000000ec300000, 0x00000000ec300000| Untracked 
| 196|0x00000000ec400000, 0x00000000ec400000, 0x00000000ec500000|  0%| F|  |TAMS 0x00000000ec400000, 0x00000000ec400000| Untracked 
| 197|0x00000000ec500000, 0x00000000ec500000, 0x00000000ec600000|  0%| F|  |TAMS 0x00000000ec500000, 0x00000000ec500000| Untracked 
| 198|0x00000000ec600000, 0x00000000ec600000, 0x00000000ec700000|  0%| F|  |TAMS 0x00000000ec600000, 0x00000000ec600000| Untracked 
| 199|0x00000000ec700000, 0x00000000ec700000, 0x00000000ec800000|  0%| F|  |TAMS 0x00000000ec700000, 0x00000000ec700000| Untracked 
| 200|0x00000000ec800000, 0x00000000ec900000, 0x00000000ec900000|100%| E|  |TAMS 0x00000000ec800000, 0x00000000ec800000| Complete 
| 201|0x00000000ec900000, 0x00000000eca00000, 0x00000000eca00000|100%| E|CS|TAMS 0x00000000ec900000, 0x00000000ec900000| Complete 
| 202|0x00000000eca00000, 0x00000000ecb00000, 0x00000000ecb00000|100%| E|CS|TAMS 0x00000000eca00000, 0x00000000eca00000| Complete 
| 203|0x00000000ecb00000, 0x00000000ecc00000, 0x00000000ecc00000|100%| E|CS|TAMS 0x00000000ecb00000, 0x00000000ecb00000| Complete 
| 204|0x00000000ecc00000, 0x00000000ecd00000, 0x00000000ecd00000|100%| E|CS|TAMS 0x00000000ecc00000, 0x00000000ecc00000| Complete 
| 205|0x00000000ecd00000, 0x00000000ece00000, 0x00000000ece00000|100%| E|CS|TAMS 0x00000000ecd00000, 0x00000000ecd00000| Complete 
| 206|0x00000000ece00000, 0x00000000ecf00000, 0x00000000ecf00000|100%| E|CS|TAMS 0x00000000ece00000, 0x00000000ece00000| Complete 
| 207|0x00000000ecf00000, 0x00000000ed000000, 0x00000000ed000000|100%| E|CS|TAMS 0x00000000ecf00000, 0x00000000ecf00000| Complete 
| 208|0x00000000ed000000, 0x00000000ed100000, 0x00000000ed100000|100%| E|CS|TAMS 0x00000000ed000000, 0x00000000ed000000| Complete 
| 209|0x00000000ed100000, 0x00000000ed200000, 0x00000000ed200000|100%| E|CS|TAMS 0x00000000ed100000, 0x00000000ed100000| Complete 
| 210|0x00000000ed200000, 0x00000000ed300000, 0x00000000ed300000|100%| E|CS|TAMS 0x00000000ed200000, 0x00000000ed200000| Complete 
| 211|0x00000000ed300000, 0x00000000ed400000, 0x00000000ed400000|100%| E|CS|TAMS 0x00000000ed300000, 0x00000000ed300000| Complete 
| 212|0x00000000ed400000, 0x00000000ed500000, 0x00000000ed500000|100%| E|CS|TAMS 0x00000000ed400000, 0x00000000ed400000| Complete 
| 213|0x00000000ed500000, 0x00000000ed600000, 0x00000000ed600000|100%| E|CS|TAMS 0x00000000ed500000, 0x00000000ed500000| Complete 
| 214|0x00000000ed600000, 0x00000000ed700000, 0x00000000ed700000|100%| E|CS|TAMS 0x00000000ed600000, 0x00000000ed600000| Complete 
| 215|0x00000000ed700000, 0x00000000ed800000, 0x00000000ed800000|100%| E|CS|TAMS 0x00000000ed700000, 0x00000000ed700000| Complete 
| 216|0x00000000ed800000, 0x00000000ed900000, 0x00000000ed900000|100%| E|CS|TAMS 0x00000000ed800000, 0x00000000ed800000| Complete 
| 217|0x00000000ed900000, 0x00000000eda00000, 0x00000000eda00000|100%| E|CS|TAMS 0x00000000ed900000, 0x00000000ed900000| Complete 
| 218|0x00000000eda00000, 0x00000000edb00000, 0x00000000edb00000|100%| E|CS|TAMS 0x00000000eda00000, 0x00000000eda00000| Complete 
| 219|0x00000000edb00000, 0x00000000edc00000, 0x00000000edc00000|100%| E|CS|TAMS 0x00000000edb00000, 0x00000000edb00000| Complete 
| 220|0x00000000edc00000, 0x00000000edd00000, 0x00000000edd00000|100%| E|CS|TAMS 0x00000000edc00000, 0x00000000edc00000| Complete 
| 221|0x00000000edd00000, 0x00000000ede00000, 0x00000000ede00000|100%| E|CS|TAMS 0x00000000edd00000, 0x00000000edd00000| Complete 
| 222|0x00000000ede00000, 0x00000000edf00000, 0x00000000edf00000|100%| E|CS|TAMS 0x00000000ede00000, 0x00000000ede00000| Complete 
| 223|0x00000000edf00000, 0x00000000ee000000, 0x00000000ee000000|100%| E|CS|TAMS 0x00000000edf00000, 0x00000000edf00000| Complete 
| 224|0x00000000ee000000, 0x00000000ee100000, 0x00000000ee100000|100%| E|CS|TAMS 0x00000000ee000000, 0x00000000ee000000| Complete 
| 225|0x00000000ee100000, 0x00000000ee200000, 0x00000000ee200000|100%| E|CS|TAMS 0x00000000ee100000, 0x00000000ee100000| Complete 
| 226|0x00000000ee200000, 0x00000000ee300000, 0x00000000ee300000|100%| E|CS|TAMS 0x00000000ee200000, 0x00000000ee200000| Complete 
| 227|0x00000000ee300000, 0x00000000ee400000, 0x00000000ee400000|100%| E|CS|TAMS 0x00000000ee300000, 0x00000000ee300000| Complete 
| 228|0x00000000ee400000, 0x00000000ee500000, 0x00000000ee500000|100%| E|CS|TAMS 0x00000000ee400000, 0x00000000ee400000| Complete 
| 229|0x00000000ee500000, 0x00000000ee600000, 0x00000000ee600000|100%| E|CS|TAMS 0x00000000ee500000, 0x00000000ee500000| Complete 
| 230|0x00000000ee600000, 0x00000000ee700000, 0x00000000ee700000|100%| E|CS|TAMS 0x00000000ee600000, 0x00000000ee600000| Complete 
| 231|0x00000000ee700000, 0x00000000ee800000, 0x00000000ee800000|100%| E|CS|TAMS 0x00000000ee700000, 0x00000000ee700000| Complete 
| 232|0x00000000ee800000, 0x00000000ee900000, 0x00000000ee900000|100%| E|CS|TAMS 0x00000000ee800000, 0x00000000ee800000| Complete 
| 233|0x00000000ee900000, 0x00000000eea00000, 0x00000000eea00000|100%| E|CS|TAMS 0x00000000ee900000, 0x00000000ee900000| Complete 
| 234|0x00000000eea00000, 0x00000000eeb00000, 0x00000000eeb00000|100%| E|CS|TAMS 0x00000000eea00000, 0x00000000eea00000| Complete 
| 235|0x00000000eeb00000, 0x00000000eec00000, 0x00000000eec00000|100%| E|CS|TAMS 0x00000000eeb00000, 0x00000000eeb00000| Complete 
| 236|0x00000000eec00000, 0x00000000eed00000, 0x00000000eed00000|100%| E|CS|TAMS 0x00000000eec00000, 0x00000000eec00000| Complete 
| 237|0x00000000eed00000, 0x00000000eee00000, 0x00000000eee00000|100%| E|CS|TAMS 0x00000000eed00000, 0x00000000eed00000| Complete 
| 238|0x00000000eee00000, 0x00000000eef00000, 0x00000000eef00000|100%| E|CS|TAMS 0x00000000eee00000, 0x00000000eee00000| Complete 
| 239|0x00000000eef00000, 0x00000000ef000000, 0x00000000ef000000|100%| E|CS|TAMS 0x00000000eef00000, 0x00000000eef00000| Complete 
| 240|0x00000000ef000000, 0x00000000ef100000, 0x00000000ef100000|100%| E|CS|TAMS 0x00000000ef000000, 0x00000000ef000000| Complete 
| 241|0x00000000ef100000, 0x00000000ef200000, 0x00000000ef200000|100%| E|CS|TAMS 0x00000000ef100000, 0x00000000ef100000| Complete 
| 242|0x00000000ef200000, 0x00000000ef300000, 0x00000000ef300000|100%| E|CS|TAMS 0x00000000ef200000, 0x00000000ef200000| Complete 
| 243|0x00000000ef300000, 0x00000000ef400000, 0x00000000ef400000|100%| E|CS|TAMS 0x00000000ef300000, 0x00000000ef300000| Complete 
| 244|0x00000000ef400000, 0x00000000ef500000, 0x00000000ef500000|100%| E|CS|TAMS 0x00000000ef400000, 0x00000000ef400000| Complete 
| 245|0x00000000ef500000, 0x00000000ef600000, 0x00000000ef600000|100%| E|CS|TAMS 0x00000000ef500000, 0x00000000ef500000| Complete 
| 246|0x00000000ef600000, 0x00000000ef700000, 0x00000000ef700000|100%| E|CS|TAMS 0x00000000ef600000, 0x00000000ef600000| Complete 
| 247|0x00000000ef700000, 0x00000000ef800000, 0x00000000ef800000|100%| E|CS|TAMS 0x00000000ef700000, 0x00000000ef700000| Complete 
| 248|0x00000000ef800000, 0x00000000ef900000, 0x00000000ef900000|100%| E|CS|TAMS 0x00000000ef800000, 0x00000000ef800000| Complete 
| 249|0x00000000ef900000, 0x00000000efa00000, 0x00000000efa00000|100%| E|CS|TAMS 0x00000000ef900000, 0x00000000ef900000| Complete 
| 250|0x00000000efa00000, 0x00000000efb00000, 0x00000000efb00000|100%| E|CS|TAMS 0x00000000efa00000, 0x00000000efa00000| Complete 
| 251|0x00000000efb00000, 0x00000000efc00000, 0x00000000efc00000|100%| E|CS|TAMS 0x00000000efb00000, 0x00000000efb00000| Complete 
| 252|0x00000000efc00000, 0x00000000efd00000, 0x00000000efd00000|100%| E|CS|TAMS 0x00000000efc00000, 0x00000000efc00000| Complete 
| 253|0x00000000efd00000, 0x00000000efe00000, 0x00000000efe00000|100%| E|CS|TAMS 0x00000000efd00000, 0x00000000efd00000| Complete 
| 254|0x00000000efe00000, 0x00000000eff00000, 0x00000000eff00000|100%| E|CS|TAMS 0x00000000efe00000, 0x00000000efe00000| Complete 
| 255|0x00000000eff00000, 0x00000000f0000000, 0x00000000f0000000|100%| E|CS|TAMS 0x00000000eff00000, 0x00000000eff00000| Complete 

Card table byte_map: [0x00000162beec0000,0x00000162befc0000] _byte_map_base: 0x00000162be7c0000

Marking Bits (Prev, Next): (CMBitMap*) 0x00000162a8356a60, (CMBitMap*) 0x00000162a8356aa0
 Prev Bits: [0x00000162bf0c0000, 0x00000162bf8c0000)
 Next Bits: [0x00000162bf8c0000, 0x00000162c00c0000)

Polling page: 0x00000162a6340000

Metaspace:

Usage:
  Non-class:     68.28 MB used.
      Class:      9.99 MB used.
       Both:     78.27 MB used.

Virtual space:
  Non-class space:       72.00 MB reserved,      68.69 MB ( 95%) committed,  9 nodes.
      Class space:      208.00 MB reserved,      10.38 MB (  5%) committed,  1 nodes.
              Both:      280.00 MB reserved,      79.06 MB ( 28%) committed. 

Chunk freelists:
   Non-Class:  2.88 MB
       Class:  1.67 MB
        Both:  4.55 MB

MaxMetaspaceSize: 256.00 MB
CompressedClassSpaceSize: 208.00 MB
 - commit_granule_bytes: 65536.
 - commit_granule_words: 8192.
 - virtual_space_node_default_size: 1048576.
 - enlarge_chunks_in_place: 1.
 - new_chunks_are_fully_committed: 0.
 - uncommit_free_chunks: 1.
 - use_allocation_guard: 0.
 - handle_deallocations: 1.


Internal statistics:

num_allocs_failed_limit: 9.
num_arena_births: 1086.
num_arena_deaths: 230.
num_vsnodes_births: 10.
num_vsnodes_deaths: 0.
num_space_committed: 1265.
num_space_uncommitted: 0.
num_chunks_returned_to_freelist: 302.
num_chunks_taken_from_freelist: 4437.
num_chunk_merges: 90.
num_chunk_splits: 2672.
num_chunks_enlarged: 1614.
num_purges: 4.

CodeHeap 'non-profiled nmethods': size=120000Kb used=11799Kb max_used=11799Kb free=108200Kb
 bounds [0x00000162b7560000, 0x00000162b80f0000, 0x00000162bea90000]
CodeHeap 'profiled nmethods': size=120000Kb used=25707Kb max_used=25707Kb free=94292Kb
 bounds [0x00000162b0030000, 0x00000162b1950000, 0x00000162b7560000]
CodeHeap 'non-nmethods': size=5760Kb used=2420Kb max_used=2544Kb free=3339Kb
 bounds [0x00000162afa90000, 0x00000162afd20000, 0x00000162b0030000]
 total_blobs=13934 nmethods=12988 adapters=856
 compilation: enabled
              stopped_count=0, restarted_count=0
 full_count=0

Compilation events (20 events):
Event: 456.602 Thread 0x00000162c2b14bc0 16090       3       org.codehaus.groovy.reflection.stdclasses.StringCachedClass::coerceArgument (16 bytes)
Event: 456.602 Thread 0x00000162c2b14bc0 nmethod 16090 0x00000162b1921e90 code [0x00000162b1922040, 0x00000162b1922388]
Event: 456.604 Thread 0x00000162c2b14bc0 16091       3       org.gradle.internal.event.DefaultListenerManager$EventBroadcast$ListenerDispatch::<init> (16 bytes)
Event: 456.604 Thread 0x00000162c2b14bc0 nmethod 16091 0x00000162b1922490 code [0x00000162b1922640, 0x00000162b19228d8]
Event: 456.605 Thread 0x00000162c2b14bc0 16092       3       org.gradle.internal.serialization.Cached::of (9 bytes)
Event: 456.605 Thread 0x00000162c2b14bc0 nmethod 16092 0x00000162b1922a10 code [0x00000162b1922bc0, 0x00000162b1922e98]
Event: 456.605 Thread 0x00000162c2b14bc0 16093       3       org.gradle.internal.serialization.Cached$Deferred::<init> (10 bytes)
Event: 456.605 Thread 0x00000162c2b14bc0 nmethod 16093 0x00000162b1922f90 code [0x00000162b1923140, 0x00000162b1923358]
Event: 456.606 Thread 0x00000162c2b14bc0 16094       3       org.gradle.internal.FileUtils::normalize (52 bytes)
Event: 456.607 Thread 0x00000162c2b14bc0 nmethod 16094 0x00000162b1923490 code [0x00000162b19236c0, 0x00000162b1923b98]
Event: 456.607 Thread 0x00000162c2b14bc0 16095       3       org.apache.commons.io.FilenameUtils::normalizeNoEndSeparator (9 bytes)
Event: 456.607 Thread 0x00000162c2b14bc0 nmethod 16095 0x00000162b1923e10 code [0x00000162b1923fc0, 0x00000162b19240e8]
Event: 456.611 Thread 0x00000162c2b14bc0 16096       3       org.codehaus.groovy.runtime.ScriptBytecodeAdapter::compareEqual (99 bytes)
Event: 456.612 Thread 0x00000162c2b14bc0 nmethod 16096 0x00000162b1924190 code [0x00000162b19243c0, 0x00000162b1924ad8]
Event: 456.612 Thread 0x00000162c2b14bc0 16097   !   3       org.gradle.internal.work.DefaultSynchronizer::takeOwnership (88 bytes)
Event: 456.613 Thread 0x00000162c2b14bc0 nmethod 16097 0x00000162b1924c90 code [0x00000162b1924ee0, 0x00000162b19257e8]
Event: 456.613 Thread 0x00000162c2b14bc0 16098   !   3       org.gradle.internal.work.DefaultSynchronizer::releaseOwnership (24 bytes)
Event: 456.613 Thread 0x00000162c2b14bc0 nmethod 16098 0x00000162b1925b10 code [0x00000162b1925cc0, 0x00000162b1925f48]
Event: 456.613 Thread 0x00000162c2b14bc0 16099       1       org.gradle.api.internal.project.DefaultProjectStateRegistry$ProjectStateImpl::getOwner (5 bytes)
Event: 456.613 Thread 0x00000162c2b14bc0 nmethod 16099 0x00000162b80e4b10 code [0x00000162b80e4ca0, 0x00000162b80e4d78]

GC Heap History (20 events):
Event: 63.694 GC heap before
{Heap before GC invocations=46 (full 0):
 garbage-first heap   total 262144K, used 222981K [0x00000000e0000000, 0x0000000100000000)
  region size 1024K, 130 young (133120K), 4 survivors (4096K)
 Metaspace       used 58090K, committed 58688K, reserved 270336K
  class space    used 7526K, committed 7808K, reserved 212992K
}
Event: 63.696 GC heap after
{Heap after GC invocations=47 (full 0):
 garbage-first heap   total 262144K, used 91927K [0x00000000e0000000, 0x0000000100000000)
  region size 1024K, 2 young (2048K), 2 survivors (2048K)
 Metaspace       used 58090K, committed 58688K, reserved 270336K
  class space    used 7526K, committed 7808K, reserved 212992K
}
Event: 63.950 GC heap before
{Heap before GC invocations=47 (full 0):
 garbage-first heap   total 262144K, used 99095K [0x00000000e0000000, 0x0000000100000000)
  region size 1024K, 10 young (10240K), 2 survivors (2048K)
 Metaspace       used 58894K, committed 59456K, reserved 270336K
  class space    used 7677K, committed 7936K, reserved 212992K
}
Event: 63.953 GC heap after
{Heap after GC invocations=48 (full 0):
 garbage-first heap   total 262144K, used 92533K [0x00000000e0000000, 0x0000000100000000)
  region size 1024K, 3 young (3072K), 3 survivors (3072K)
 Metaspace       used 58894K, committed 59456K, reserved 270336K
  class space    used 7677K, committed 7936K, reserved 212992K
}
Event: 70.955 GC heap before
{Heap before GC invocations=49 (full 0):
 garbage-first heap   total 262144K, used 199029K [0x00000000e0000000, 0x0000000100000000)
  region size 1024K, 100 young (102400K), 3 survivors (3072K)
 Metaspace       used 64919K, committed 65536K, reserved 270336K
  class space    used 8510K, committed 8768K, reserved 212992K
}
Event: 70.965 GC heap after
{Heap after GC invocations=50 (full 0):
 garbage-first heap   total 262144K, used 112103K [0x00000000e0000000, 0x0000000100000000)
  region size 1024K, 13 young (13312K), 13 survivors (13312K)
 Metaspace       used 64919K, committed 65536K, reserved 270336K
  class space    used 8510K, committed 8768K, reserved 212992K
}
Event: 73.678 GC heap before
{Heap before GC invocations=50 (full 0):
 garbage-first heap   total 262144K, used 199143K [0x00000000e0000000, 0x0000000100000000)
  region size 1024K, 98 young (100352K), 13 survivors (13312K)
 Metaspace       used 66762K, committed 67392K, reserved 278528K
  class space    used 8659K, committed 8960K, reserved 212992K
}
Event: 73.687 GC heap after
{Heap after GC invocations=51 (full 0):
 garbage-first heap   total 262144K, used 112936K [0x00000000e0000000, 0x0000000100000000)
  region size 1024K, 5 young (5120K), 5 survivors (5120K)
 Metaspace       used 66762K, committed 67392K, reserved 278528K
  class space    used 8659K, committed 8960K, reserved 212992K
}
Event: 77.671 GC heap before
{Heap before GC invocations=51 (full 0):
 garbage-first heap   total 262144K, used 203048K [0x00000000e0000000, 0x0000000100000000)
  region size 1024K, 93 young (95232K), 5 survivors (5120K)
 Metaspace       used 67449K, committed 68160K, reserved 278528K
  class space    used 8702K, committed 9024K, reserved 212992K
}
Event: 77.676 GC heap after
{Heap after GC invocations=52 (full 0):
 garbage-first heap   total 262144K, used 114625K [0x00000000e0000000, 0x0000000100000000)
  region size 1024K, 7 young (7168K), 7 survivors (7168K)
 Metaspace       used 67449K, committed 68160K, reserved 278528K
  class space    used 8702K, committed 9024K, reserved 212992K
}
Event: 79.517 GC heap before
{Heap before GC invocations=52 (full 0):
 garbage-first heap   total 262144K, used 207809K [0x00000000e0000000, 0x0000000100000000)
  region size 1024K, 98 young (100352K), 7 survivors (7168K)
 Metaspace       used 68993K, committed 69632K, reserved 278528K
  class space    used 8891K, committed 9216K, reserved 212992K
}
Event: 79.525 GC heap after
{Heap after GC invocations=53 (full 0):
 garbage-first heap   total 262144K, used 117760K [0x00000000e0000000, 0x0000000100000000)
  region size 1024K, 10 young (10240K), 10 survivors (10240K)
 Metaspace       used 68993K, committed 69632K, reserved 278528K
  class space    used 8891K, committed 9216K, reserved 212992K
}
Event: 90.556 GC heap before
{Heap before GC invocations=53 (full 0):
 garbage-first heap   total 262144K, used 209920K [0x00000000e0000000, 0x0000000100000000)
  region size 1024K, 101 young (103424K), 10 survivors (10240K)
 Metaspace       used 70177K, committed 70848K, reserved 278528K
  class space    used 8993K, committed 9280K, reserved 212992K
}
Event: 90.567 GC heap after
{Heap after GC invocations=54 (full 0):
 garbage-first heap   total 262144K, used 120682K [0x00000000e0000000, 0x0000000100000000)
  region size 1024K, 9 young (9216K), 9 survivors (9216K)
 Metaspace       used 70177K, committed 70848K, reserved 278528K
  class space    used 8993K, committed 9280K, reserved 212992K
}
Event: 115.511 GC heap before
{Heap before GC invocations=54 (full 0):
 garbage-first heap   total 262144K, used 214890K [0x00000000e0000000, 0x0000000100000000)
  region size 1024K, 101 young (103424K), 9 survivors (9216K)
 Metaspace       used 71811K, committed 72512K, reserved 278528K
  class space    used 9197K, committed 9536K, reserved 212992K
}
Event: 115.522 GC heap after
{Heap after GC invocations=55 (full 0):
 garbage-first heap   total 262144K, used 124826K [0x00000000e0000000, 0x0000000100000000)
  region size 1024K, 11 young (11264K), 11 survivors (11264K)
 Metaspace       used 71811K, committed 72512K, reserved 278528K
  class space    used 9197K, committed 9536K, reserved 212992K
}
Event: 131.734 GC heap before
{Heap before GC invocations=55 (full 0):
 garbage-first heap   total 262144K, used 215962K [0x00000000e0000000, 0x0000000100000000)
  region size 1024K, 100 young (102400K), 11 survivors (11264K)
 Metaspace       used 77185K, committed 77952K, reserved 286720K
  class space    used 9886K, committed 10240K, reserved 212992K
}
Event: 131.759 GC heap after
{Heap after GC invocations=56 (full 0):
 garbage-first heap   total 262144K, used 127748K [0x00000000e0000000, 0x0000000100000000)
  region size 1024K, 9 young (9216K), 9 survivors (9216K)
 Metaspace       used 77185K, committed 77952K, reserved 286720K
  class space    used 9886K, committed 10240K, reserved 212992K
}
Event: 455.584 GC heap before
{Heap before GC invocations=56 (full 0):
 garbage-first heap   total 262144K, used 216836K [0x00000000e0000000, 0x0000000100000000)
  region size 1024K, 97 young (99328K), 9 survivors (9216K)
 Metaspace       used 77960K, committed 78720K, reserved 286720K
  class space    used 9987K, committed 10368K, reserved 212992K
}
Event: 455.595 GC heap after
{Heap after GC invocations=57 (full 0):
 garbage-first heap   total 262144K, used 128961K [0x00000000e0000000, 0x0000000100000000)
  region size 1024K, 5 young (5120K), 5 survivors (5120K)
 Metaspace       used 77960K, committed 78720K, reserved 286720K
  class space    used 9987K, committed 10368K, reserved 212992K
}

Deoptimization events (20 events):
Event: 456.128 Thread 0x00000162c3ecd6f0 DEOPT PACKING pc=0x00000162b09dfa1b sp=0x00000044803f8650
Event: 456.128 Thread 0x00000162c3ecd6f0 DEOPT UNPACKING pc=0x00000162afaddece sp=0x00000044803f7af8 mode 0
Event: 456.165 Thread 0x00000162c3ecd6f0 Uncommon trap: trap_request=0xffffff45 fr.pc=0x00000162b7ee3c9c relative=0x00000000000000fc
Event: 456.165 Thread 0x00000162c3ecd6f0 Uncommon trap: reason=unstable_if action=reinterpret pc=0x00000162b7ee3c9c method=java.util.concurrent.ConcurrentHashMap.sumCount()J @ 41 c2
Event: 456.165 Thread 0x00000162c3ecd6f0 DEOPT PACKING pc=0x00000162b7ee3c9c sp=0x00000044803f7a80
Event: 456.165 Thread 0x00000162c3ecd6f0 DEOPT UNPACKING pc=0x00000162afadd72e sp=0x00000044803f79f0 mode 2
Event: 456.294 Thread 0x00000162c3ecd6f0 Uncommon trap: trap_request=0xffffffc6 fr.pc=0x00000162b77875c8 relative=0x0000000000000748
Event: 456.294 Thread 0x00000162c3ecd6f0 Uncommon trap: reason=bimorphic_or_optimized_type_check action=maybe_recompile pc=0x00000162b77875c8 method=java.util.HashMap.removeNode(ILjava/lang/Object;Ljava/lang/Object;ZZ)Ljava/util/HashMap$Node; @ 68 c2
Event: 456.294 Thread 0x00000162c3ecd6f0 DEOPT PACKING pc=0x00000162b77875c8 sp=0x00000044803f9350
Event: 456.294 Thread 0x00000162c3ecd6f0 DEOPT UNPACKING pc=0x00000162afadd72e sp=0x00000044803f9278 mode 2
Event: 456.466 Thread 0x00000162c8da86c0 Uncommon trap: trap_request=0xffffffde fr.pc=0x00000162b767a274 relative=0x0000000000000414
Event: 456.467 Thread 0x00000162c8da86c0 Uncommon trap: reason=class_check action=maybe_recompile pc=0x00000162b767a274 method=java.util.Collections$SetFromMap.remove(Ljava/lang/Object;)Z @ 5 c2
Event: 456.467 Thread 0x00000162c8da86c0 DEOPT PACKING pc=0x00000162b767a274 sp=0x00000044826fecc0
Event: 456.467 Thread 0x00000162c8da86c0 DEOPT UNPACKING pc=0x00000162afadd72e sp=0x00000044826feca8 mode 2
Event: 456.468 Thread 0x00000162c7774e40 Uncommon trap: trap_request=0xffffff45 fr.pc=0x00000162b7d47340 relative=0x0000000000000800
Event: 456.468 Thread 0x00000162c7774e40 Uncommon trap: reason=unstable_if action=reinterpret pc=0x00000162b7d47340 method=java.util.concurrent.ConcurrentHashMap.replaceNode(Ljava/lang/Object;Ljava/lang/Object;Ljava/lang/Object;)Ljava/lang/Object; @ 136 c2
Event: 456.468 Thread 0x00000162c7774e40 DEOPT PACKING pc=0x00000162b7d47340 sp=0x00000044808fe910
Event: 456.468 Thread 0x00000162c7774e40 DEOPT UNPACKING pc=0x00000162afadd72e sp=0x00000044808fe878 mode 2
Event: 456.492 Thread 0x00000162c3ecd6f0 DEOPT PACKING pc=0x00000162b0435335 sp=0x00000044803fa430
Event: 456.492 Thread 0x00000162c3ecd6f0 DEOPT UNPACKING pc=0x00000162afaddece sp=0x00000044803f98b8 mode 0

Classes unloaded (20 events):
Event: 455.707 Thread 0x00000162c2ad40e0 Unloading class 0x0000000800d74c00 'java/lang/invoke/LambdaForm$BMH+0x0000000800d74c00'
Event: 455.707 Thread 0x00000162c2ad40e0 Unloading class 0x0000000800cea400 'java/lang/invoke/LambdaForm$DMH+0x0000000800cea400'
Event: 455.707 Thread 0x00000162c2ad40e0 Unloading class 0x0000000800ce9c00 'java/lang/invoke/LambdaForm$DMH+0x0000000800ce9c00'
Event: 455.707 Thread 0x00000162c2ad40e0 Unloading class 0x0000000800ce9800 'java/lang/invoke/LambdaForm$MH+0x0000000800ce9800'
Event: 455.707 Thread 0x00000162c2ad40e0 Unloading class 0x0000000800ce9400 'java/lang/invoke/LambdaForm$MH+0x0000000800ce9400'
Event: 455.707 Thread 0x00000162c2ad40e0 Unloading class 0x0000000800ce9000 'java/lang/invoke/LambdaForm$MH+0x0000000800ce9000'
Event: 455.707 Thread 0x00000162c2ad40e0 Unloading class 0x0000000800ce8c00 'java/lang/invoke/LambdaForm$MH+0x0000000800ce8c00'
Event: 455.707 Thread 0x00000162c2ad40e0 Unloading class 0x0000000800ce8800 'java/lang/invoke/LambdaForm$MH+0x0000000800ce8800'
Event: 455.707 Thread 0x00000162c2ad40e0 Unloading class 0x0000000800ce8400 'java/lang/invoke/LambdaForm$MH+0x0000000800ce8400'
Event: 455.707 Thread 0x00000162c2ad40e0 Unloading class 0x0000000800ce8000 'java/lang/invoke/LambdaForm$MH+0x0000000800ce8000'
Event: 455.707 Thread 0x00000162c2ad40e0 Unloading class 0x0000000800cc3800 'java/lang/invoke/LambdaForm$MH+0x0000000800cc3800'
Event: 455.707 Thread 0x00000162c2ad40e0 Unloading class 0x0000000800cc3000 'java/lang/invoke/LambdaForm$MH+0x0000000800cc3000'
Event: 455.707 Thread 0x00000162c2ad40e0 Unloading class 0x0000000800cc2c00 'java/lang/invoke/LambdaForm$MH+0x0000000800cc2c00'
Event: 455.707 Thread 0x00000162c2ad40e0 Unloading class 0x0000000800cc2800 'java/lang/invoke/LambdaForm$MH+0x0000000800cc2800'
Event: 455.707 Thread 0x00000162c2ad40e0 Unloading class 0x0000000800cc2400 'java/lang/invoke/LambdaForm$MH+0x0000000800cc2400'
Event: 455.707 Thread 0x00000162c2ad40e0 Unloading class 0x0000000800cc1c00 'java/lang/invoke/LambdaForm$MH+0x0000000800cc1c00'
Event: 455.707 Thread 0x00000162c2ad40e0 Unloading class 0x0000000800c26c00 'java/lang/invoke/LambdaForm$MH+0x0000000800c26c00'
Event: 455.707 Thread 0x00000162c2ad40e0 Unloading class 0x0000000800c26800 'java/lang/invoke/LambdaForm$MH+0x0000000800c26800'
Event: 455.707 Thread 0x00000162c2ad40e0 Unloading class 0x0000000800c26000 'java/lang/invoke/LambdaForm$MH+0x0000000800c26000'
Event: 455.707 Thread 0x00000162c2ad40e0 Unloading class 0x0000000800c24400 'java/lang/invoke/LambdaForm$MH+0x0000000800c24400'

Classes redefined (0 events):
No events

Internal exceptions (20 events):
Event: 456.287 Thread 0x00000162c7d938c0 Exception <a 'sun/nio/fs/WindowsException'{0x00000000ed6b0fc0}> (0x00000000ed6b0fc0) 
thrown [t:\workspace\open\src\hotspot\share\prims\jni.cpp, line 579]
Event: 456.290 Thread 0x00000162c7d938c0 Exception <a 'sun/nio/fs/WindowsException'{0x00000000ed6b1148}> (0x00000000ed6b1148) 
thrown [t:\workspace\open\src\hotspot\share\prims\jni.cpp, line 579]
Event: 456.301 Thread 0x00000162c3ecd6f0 Exception <a 'java/lang/ClassNotFoundException'{0x00000000ed6eda28}: build_29jpf68y26fwk3k5jcr1q5r36BeanInfo> (0x00000000ed6eda28) 
thrown [t:\workspace\open\src\hotspot\share\classfile\systemDictionary.cpp, line 256]
Event: 456.301 Thread 0x00000162c3ecd6f0 Exception <a 'java/lang/ClassNotFoundException'{0x00000000ed6f4200}: build_29jpf68y26fwk3k5jcr1q5r36Customizer> (0x00000000ed6f4200) 
thrown [t:\workspace\open\src\hotspot\share\classfile\systemDictionary.cpp, line 256]
Event: 456.469 Thread 0x00000162c7774e40 Exception <a 'java/lang/NoSuchMethodError'{0x00000000ed0187f0}: static Lorg/gradle/internal/build/event/types/DefaultTaskStartedProgressEvent;.<clinit>()V> (0x00000000ed0187f0) 
thrown [t:\workspace\open\src\hotspot\share\prims\jni.cpp, line 1210]
Event: 456.470 Thread 0x00000162c7774e40 Exception <a 'java/lang/NoSuchMethodError'{0x00000000ed019e10}: static Lorg/gradle/internal/build/event/types/AbstractProgressEvent;.<clinit>()V> (0x00000000ed019e10) 
thrown [t:\workspace\open\src\hotspot\share\prims\jni.cpp, line 1210]
Event: 456.471 Thread 0x00000162c7774e40 Exception <a 'java/lang/NoSuchMethodError'{0x00000000ed023dd8}: static Lorg/gradle/internal/build/event/types/DefaultTaskDescriptor;.<clinit>()V> (0x00000000ed023dd8) 
thrown [t:\workspace\open\src\hotspot\share\prims\jni.cpp, line 1210]
Event: 456.473 Thread 0x00000162c7774e40 Exception <a 'java/lang/NoSuchMethodError'{0x00000000ed02cc90}: static Lorg/gradle/internal/operations/OperationIdentifier;.<clinit>()V> (0x00000000ed02cc90) 
thrown [t:\workspace\open\src\hotspot\share\prims\jni.cpp, line 1210]
Event: 456.476 Thread 0x00000162c7774e40 Exception <a 'java/lang/NoSuchMethodError'{0x00000000ed035478}: static Lorg/gradle/internal/build/event/types/DefaultTaskFinishedProgressEvent;.<clinit>()V> (0x00000000ed035478) 
thrown [t:\workspace\open\src\hotspot\share\prims\jni.cpp, line 1210]
Event: 456.480 Thread 0x00000162c7774e40 Exception <a 'java/lang/NoSuchMethodError'{0x00000000ed04a3e0}: static Lorg/gradle/internal/build/event/types/DefaultTaskSuccessResult;.<clinit>()V> (0x00000000ed04a3e0) 
thrown [t:\workspace\open\src\hotspot\share\prims\jni.cpp, line 1210]
Event: 456.480 Thread 0x00000162c7774e40 Exception <a 'java/lang/NoSuchMethodError'{0x00000000ed04b708}: static Lorg/gradle/internal/build/event/types/AbstractTaskResult;.<clinit>()V> (0x00000000ed04b708) 
thrown [t:\workspace\open\src\hotspot\share\prims\jni.cpp, line 1210]
Event: 456.480 Thread 0x00000162c7774e40 Exception <a 'java/lang/NoSuchMethodError'{0x00000000ed04ce68}: static Lorg/gradle/internal/build/event/types/AbstractResult;.<clinit>()V> (0x00000000ed04ce68) 
thrown [t:\workspace\open\src\hotspot\share\prims\jni.cpp, line 1210]
Event: 456.508 Thread 0x00000162c3ecd6f0 Exception <a 'java/lang/ClassNotFoundException'{0x00000000ed061990}: org/jetbrains/plugins/gradle/tooling/util/SourceSetCachedFinder$1BeanInfo> (0x00000000ed061990) 
thrown [t:\workspace\open\src\hotspot\share\classfile\systemDictionary.cpp, line 256]
Event: 456.509 Thread 0x00000162c3ecd6f0 Exception <a 'java/lang/ClassNotFoundException'{0x00000000ed068110}: org/jetbrains/plugins/gradle/tooling/util/SourceSetCachedFinder$1Customizer> (0x00000000ed068110) 
thrown [t:\workspace\open\src\hotspot\share\classfile\systemDictionary.cpp, line 256]
Event: 456.515 Thread 0x00000162c3ecd6f0 Exception <a 'java/lang/ClassNotFoundException'{0x00000000ed08d3c8}: org/jetbrains/plugins/gradle/tooling/util/SourceSetCachedFinder$2BeanInfo> (0x00000000ed08d3c8) 
thrown [t:\workspace\open\src\hotspot\share\classfile\systemDictionary.cpp, line 256]
Event: 456.515 Thread 0x00000162c3ecd6f0 Exception <a 'java/lang/ClassNotFoundException'{0x00000000ed093b48}: org/jetbrains/plugins/gradle/tooling/util/SourceSetCachedFinder$2Customizer> (0x00000000ed093b48) 
thrown [t:\workspace\open\src\hotspot\share\classfile\systemDictionary.cpp, line 256]
Event: 456.518 Thread 0x00000162c3ecd6f0 Exception <a 'java/lang/ClassNotFoundException'{0x00000000ed0b4a60}: org/jetbrains/plugins/gradle/tooling/util/SourceSetCachedFinderBeanInfo> (0x00000000ed0b4a60) 
thrown [t:\workspace\open\src\hotspot\share\classfile\systemDictionary.cpp, line 256]
Event: 456.520 Thread 0x00000162c3ecd6f0 Exception <a 'java/lang/ClassNotFoundException'{0x00000000ed0bb1c8}: org/jetbrains/plugins/gradle/tooling/util/SourceSetCachedFinderCustomizer> (0x00000000ed0bb1c8) 
thrown [t:\workspace\open\src\hotspot\share\classfile\systemDictionary.cpp, line 256]
Event: 456.539 Thread 0x00000162c3ecd6f0 Exception <a 'java/lang/ClassNotFoundException'{0x00000000ecf293e0}: org/jetbrains/plugins/gradle/tooling/util/SourceSetCachedFinder$ArtifactsMapBeanInfo> (0x00000000ecf293e0) 
thrown [t:\workspace\open\src\hotspot\share\classfile\systemDictionary.cpp, line 256]
Event: 456.540 Thread 0x00000162c3ecd6f0 Exception <a 'java/lang/ClassNotFoundException'{0x00000000ecf2fbf0}: org/jetbrains/plugins/gradle/tooling/util/SourceSetCachedFinder$ArtifactsMapCustomizer> (0x00000000ecf2fbf0) 
thrown [t:\workspace\open\src\hotspot\share\classfile\systemDictionary.cpp, line 256]

Events (20 events):
Event: 456.138 Thread 0x00000162cd2f4fa0 Thread added: 0x00000162cd2f4fa0
Event: 456.139 Thread 0x00000162cd2f5f90 Thread added: 0x00000162cd2f5f90
Event: 456.315 Executing  VM operation: ICBufferFull
Event: 456.315 Executing  VM operation: ICBufferFull done
Event: 456.451 Thread 0x00000162c8da9160 Thread added: 0x00000162c8da9160
Event: 456.452 Thread 0x00000162c8dabbe0 Thread added: 0x00000162c8dabbe0
Event: 456.453 Thread 0x00000162c8da86c0 Thread added: 0x00000162c8da86c0
Event: 456.453 Thread 0x00000162c8daa6a0 Thread added: 0x00000162c8daa6a0
Event: 456.454 Thread 0x00000162c8da96b0 Thread added: 0x00000162c8da96b0
Event: 456.455 Thread 0x00000162c8daabf0 Thread added: 0x00000162c8daabf0
Event: 456.455 Thread 0x00000162cddc6710 Thread added: 0x00000162cddc6710
Event: 456.455 Thread 0x00000162cddc6c60 Thread added: 0x00000162cddc6c60
Event: 456.459 Thread 0x00000162c7762390 Thread added: 0x00000162c7762390
Event: 456.474 Thread 0x00000162cddc6710 Thread exited: 0x00000162cddc6710
Event: 456.474 Thread 0x00000162c8da86c0 Thread exited: 0x00000162c8da86c0
Event: 456.474 Thread 0x00000162c8daa6a0 Thread exited: 0x00000162c8daa6a0
Event: 456.474 Thread 0x00000162cddc6c60 Thread exited: 0x00000162cddc6c60
Event: 456.479 Thread 0x00000162c8daabf0 Thread exited: 0x00000162c8daabf0
Event: 456.481 Thread 0x00000162c8dabbe0 Thread exited: 0x00000162c8dabbe0
Event: 456.482 Thread 0x00000162c8da96b0 Thread exited: 0x00000162c8da96b0


Dynamic libraries:
0x00007ff725fa0000 - 0x00007ff725fae000 	D:\tools\jdk-16.0.2\bin\java.exe
0x00007ffe259e0000 - 0x00007ffe25bd0000 	C:\WINDOWS\SYSTEM32\ntdll.dll
0x00007ffe24790000 - 0x00007ffe24843000 	C:\WINDOWS\System32\KERNEL32.DLL
0x00007ffe23330000 - 0x00007ffe235d5000 	C:\WINDOWS\System32\KERNELBASE.dll
0x00007ffe23230000 - 0x00007ffe2332a000 	C:\WINDOWS\System32\ucrtbase.dll
0x00007ffe1d2d0000 - 0x00007ffe1d2e8000 	D:\tools\jdk-16.0.2\bin\jli.dll
0x00007ffe1bf40000 - 0x00007ffe1bf59000 	D:\tools\jdk-16.0.2\bin\VCRUNTIME140.dll
0x00007ffe25800000 - 0x00007ffe25994000 	C:\WINDOWS\System32\USER32.dll
0x00007ffe235e0000 - 0x00007ffe23601000 	C:\WINDOWS\System32\win32u.dll
0x00007ffe05340000 - 0x00007ffe055c4000 	C:\WINDOWS\WinSxS\amd64_microsoft.windows.common-controls_6595b64144ccf1df_6.0.18362.2037_none_9e7c226de460245a\COMCTL32.dll
0x00007ffe240e0000 - 0x00007ffe24106000 	C:\WINDOWS\System32\GDI32.dll
0x00007ffe24180000 - 0x00007ffe2421e000 	C:\WINDOWS\System32\msvcrt.dll
0x00007ffe23610000 - 0x00007ffe237a8000 	C:\WINDOWS\System32\gdi32full.dll
0x00007ffe237b0000 - 0x00007ffe2384e000 	C:\WINDOWS\System32\msvcp_win.dll
0x00007ffe243d0000 - 0x00007ffe24706000 	C:\WINDOWS\System32\combase.dll
0x00007ffe24220000 - 0x00007ffe2433b000 	C:\WINDOWS\System32\RPCRT4.dll
0x00007ffe229a0000 - 0x00007ffe22a24000 	C:\WINDOWS\System32\bcryptPrimitives.dll
0x00007ffe243a0000 - 0x00007ffe243ce000 	C:\WINDOWS\System32\IMM32.DLL
0x00007ffe1bf30000 - 0x00007ffe1bf3c000 	D:\tools\jdk-16.0.2\bin\vcruntime140_1.dll
0x00007ffdd4770000 - 0x00007ffdd4801000 	D:\tools\jdk-16.0.2\bin\msvcp140.dll
0x00007ffd7b060000 - 0x00007ffd7bc0b000 	D:\tools\jdk-16.0.2\bin\server\jvm.dll
0x00007ffe24f00000 - 0x00007ffe24fa5000 	C:\WINDOWS\System32\ADVAPI32.dll
0x00007ffe25750000 - 0x00007ffe257e8000 	C:\WINDOWS\System32\sechost.dll
0x00007ffe23bc0000 - 0x00007ffe23bc8000 	C:\WINDOWS\System32\PSAPI.DLL
0x00007ffe1bc70000 - 0x00007ffe1bc79000 	C:\WINDOWS\SYSTEM32\WSOCK32.dll
0x00007ffe20640000 - 0x00007ffe20664000 	C:\WINDOWS\SYSTEM32\WINMM.dll
0x00007ffe22470000 - 0x00007ffe2247a000 	C:\WINDOWS\SYSTEM32\VERSION.dll
0x00007ffe24110000 - 0x00007ffe2417f000 	C:\WINDOWS\System32\WS2_32.dll
0x00007ffe205f0000 - 0x00007ffe2061d000 	C:\WINDOWS\SYSTEM32\winmmbase.dll
0x00007ffe22950000 - 0x00007ffe2299a000 	C:\WINDOWS\System32\cfgmgr32.dll
0x00007ffe228c0000 - 0x00007ffe228d1000 	C:\WINDOWS\System32\kernel.appcore.dll
0x00007ffe1bf20000 - 0x00007ffe1bf2a000 	D:\tools\jdk-16.0.2\bin\jimage.dll
0x00007ffe1b580000 - 0x00007ffe1b774000 	C:\WINDOWS\SYSTEM32\DBGHELP.DLL
0x00007ffdff940000 - 0x00007ffdff96a000 	C:\WINDOWS\SYSTEM32\dbgcore.DLL
0x00007ffde4dd0000 - 0x00007ffde4df5000 	D:\tools\jdk-16.0.2\bin\java.dll
0x00007ffe25060000 - 0x00007ffe25747000 	C:\WINDOWS\System32\SHELL32.dll
0x00007ffe23d70000 - 0x00007ffe23e19000 	C:\WINDOWS\System32\shcore.dll
0x00007ffe22a90000 - 0x00007ffe2320c000 	C:\WINDOWS\System32\windows.storage.dll
0x00007ffe228a0000 - 0x00007ffe228be000 	C:\WINDOWS\System32\profapi.dll
0x00007ffe228e0000 - 0x00007ffe2292a000 	C:\WINDOWS\System32\powrprof.dll
0x00007ffe22890000 - 0x00007ffe228a0000 	C:\WINDOWS\System32\UMPDC.dll
0x00007ffe24340000 - 0x00007ffe24392000 	C:\WINDOWS\System32\shlwapi.dll
0x00007ffe23210000 - 0x00007ffe23227000 	C:\WINDOWS\System32\cryptsp.dll
0x00007ffe1bf00000 - 0x00007ffe1bf19000 	D:\tools\jdk-16.0.2\bin\net.dll
0x00007ffe10490000 - 0x00007ffe10589000 	C:\WINDOWS\SYSTEM32\WINHTTP.dll
0x00007ffe21e10000 - 0x00007ffe21e77000 	C:\WINDOWS\system32\mswsock.dll
0x00007ffe067e0000 - 0x00007ffe067f3000 	D:\tools\jdk-16.0.2\bin\nio.dll
0x00007ffe06500000 - 0x00007ffe06518000 	D:\tools\jdk-16.0.2\bin\zip.dll
0x00007ffe1b350000 - 0x00007ffe1b360000 	D:\tools\jdk-16.0.2\bin\verify.dll
0x00007ffde4d90000 - 0x00007ffde4db7000 	C:\Users\Hunar_Letsko\.gradle\native\e1d6ef7f7dcc3fd88c89a11ec53ec762bb8ba0a96d01ffa2cd45eb1d1d8dd5c5\windows-amd64\native-platform.dll
0x00007ffdd3410000 - 0x00007ffdd3554000 	C:\Users\Hunar_Letsko\.gradle\native\0d407fdbe67a94daf76414ababcb853783967236a71b16ec16e742cd7a986fd3\windows-amd64\native-platform-file-events.dll
0x00007ffe0ca60000 - 0x00007ffe0ca69000 	D:\tools\jdk-16.0.2\bin\management.dll
0x00007ffe084d0000 - 0x00007ffe084db000 	D:\tools\jdk-16.0.2\bin\management_ext.dll
0x00007ffe219a0000 - 0x00007ffe219d3000 	C:\WINDOWS\system32\rsaenh.dll
0x00007ffe23900000 - 0x00007ffe23926000 	C:\WINDOWS\System32\bcrypt.dll
0x00007ffe227b0000 - 0x00007ffe227d5000 	C:\WINDOWS\SYSTEM32\USERENV.dll
0x00007ffe21f90000 - 0x00007ffe21f9c000 	C:\WINDOWS\SYSTEM32\CRYPTBASE.dll
0x00007ffe21b30000 - 0x00007ffe21b6a000 	C:\WINDOWS\SYSTEM32\IPHLPAPI.DLL
0x00007ffe257f0000 - 0x00007ffe257f8000 	C:\WINDOWS\System32\NSI.dll
0x00007ffe1cd90000 - 0x00007ffe1cda6000 	C:\WINDOWS\SYSTEM32\dhcpcsvc6.DLL
0x00007ffe1cd70000 - 0x00007ffe1cd8c000 	C:\WINDOWS\SYSTEM32\dhcpcsvc.DLL
0x00007ffe21b70000 - 0x00007ffe21c3a000 	C:\WINDOWS\SYSTEM32\DNSAPI.dll
0x00007ffdf64c0000 - 0x00007ffdf64ce000 	D:\tools\jdk-16.0.2\bin\sunmscapi.dll
0x00007ffe23930000 - 0x00007ffe23a7a000 	C:\WINDOWS\System32\CRYPT32.dll
0x00007ffe22930000 - 0x00007ffe22942000 	C:\WINDOWS\System32\MSASN1.dll
0x00007ffe22190000 - 0x00007ffe221b6000 	C:\WINDOWS\SYSTEM32\ncrypt.dll
0x00007ffe22150000 - 0x00007ffe2218b000 	C:\WINDOWS\SYSTEM32\NTASN1.dll
0x00007ffdf53f0000 - 0x00007ffdf53f7000 	C:\WINDOWS\system32\wshunix.dll
0x00007ffe0f770000 - 0x00007ffe0f77a000 	C:\Windows\System32\rasadhlp.dll
0x00007ffe1d640000 - 0x00007ffe1d6b7000 	C:\WINDOWS\System32\fwpuclnt.dll

dbghelp: loaded successfully - version: 4.0.5 - missing functions: none
symbol engine: initialized successfully - sym options: 0x614 - pdb path: .;D:\tools\jdk-16.0.2\bin;C:\WINDOWS\SYSTEM32;C:\WINDOWS\WinSxS\amd64_microsoft.windows.common-controls_6595b64144ccf1df_6.0.18362.2037_none_9e7c226de460245a;D:\tools\jdk-16.0.2\bin\server;C:\Users\Hunar_Letsko\.gradle\native\e1d6ef7f7dcc3fd88c89a11ec53ec762bb8ba0a96d01ffa2cd45eb1d1d8dd5c5\windows-amd64;C:\Users\Hunar_Letsko\.gradle\native\0d407fdbe67a94daf76414ababcb853783967236a71b16ec16e742cd7a986fd3\windows-amd64

VM Arguments:
jvm_args: -XX:MaxMetaspaceSize=256m -XX:+HeapDumpOnOutOfMemoryError --add-opens=java.base/java.util=ALL-UNNAMED --add-opens=java.base/java.lang=ALL-UNNAMED --add-opens=java.base/java.lang.invoke=ALL-UNNAMED --add-opens=java.base/java.util=ALL-UNNAMED --add-opens=java.prefs/java.util.prefs=ALL-UNNAMED --add-opens=java.prefs/java.util.prefs=ALL-UNNAMED --add-opens=java.base/java.nio.charset=ALL-UNNAMED --add-opens=java.base/java.net=ALL-UNNAMED --add-opens=java.base/java.util.concurrent.atomic=ALL-UNNAMED -Xms256m -Xmx512m -Dfile.encoding=windows-1251 -Duser.country=US -Duser.language=en -Duser.variant 
java_command: org.gradle.launcher.daemon.bootstrap.GradleDaemon 7.4.1
java_class_path (initial): C:\Users\Hunar_Letsko\.gradle\wrapper\dists\gradle-7.4.1-bin\58kw26xllvsiedyf3nujyarhn\gradle-7.4.1\lib\gradle-launcher-7.4.1.jar
Launcher Type: SUN_STANDARD

[Global flags]
     intx CICompilerCount                          = 4                                         {product} {ergonomic}
   size_t CompressedClassSpaceSize                 = 218103808                                 {product} {ergonomic}
     uint ConcGCThreads                            = 2                                         {product} {ergonomic}
     uint G1ConcRefinementThreads                  = 8                                         {product} {ergonomic}
   size_t G1HeapRegionSize                         = 1048576                                   {product} {ergonomic}
    uintx GCDrainStackTargetSize                   = 64                                        {product} {ergonomic}
     bool HeapDumpOnOutOfMemoryError               = true                                   {manageable} {command line}
   size_t InitialHeapSize                          = 268435456                                 {product} {command line}
   size_t MarkStackSize                            = 4194304                                   {product} {ergonomic}
   size_t MaxHeapSize                              = 536870912                                 {product} {command line}
   size_t MaxMetaspaceSize                         = 268435456                                 {product} {command line}
   size_t MaxNewSize                               = 321912832                                 {product} {ergonomic}
   size_t MinHeapDeltaBytes                        = 1048576                                   {product} {ergonomic}
   size_t MinHeapSize                              = 268435456                                 {product} {command line}
    uintx NonNMethodCodeHeapSize                   = 5839372                                {pd product} {ergonomic}
    uintx NonProfiledCodeHeapSize                  = 122909434                              {pd product} {ergonomic}
    uintx ProfiledCodeHeapSize                     = 122909434                              {pd product} {ergonomic}
    uintx ReservedCodeCacheSize                    = 251658240                              {pd product} {ergonomic}
     bool SegmentedCodeCache                       = true                                      {product} {ergonomic}
   size_t SoftMaxHeapSize                          = 536870912                              {manageable} {ergonomic}
     bool UseCompressedClassPointers               = true                           {product lp64_product} {ergonomic}
     bool UseCompressedOops                        = true                           {product lp64_product} {ergonomic}
     bool UseG1GC                                  = true                                      {product} {ergonomic}
     bool UseLargePagesIndividualAllocation        = false                                  {pd product} {ergonomic}

Logging:
Log output configuration:
 #0: stdout all=warning uptime,level,tags
 #1: stderr all=off uptime,level,tags

Environment Variables:
JAVA_HOME=D:\tools\jdk-16.0.2
PATH=C:\Python39\Scripts\;C:\Python39\;C:\Program Files (x86)\RSA SecurID Token Common;C:\Program Files\RSA SecurID Token Common;C:\WINDOWS\system32;C:\WINDOWS;C:\WINDOWS\System32\Wbem;C:\WINDOWS\System32\WindowsPowerShell\v1.0\;C:\WINDOWS\System32\OpenSSH\;D:\tools\jdk-16.0.2\bin;D:\tools\micronaut-cli-2.1.0\bin;C:\Program Files\Amazon\AWSCLIV2\;D:\tools\gradle-7.3.3\bin;D:\tools\skaffold;D:\tools\helm;D:\tools\apache-maven-3.6.0\bin;C:\ProgramData\chocolatey\bin;D:\tools\curl-7.75.0-win64-mingw\bin;C:\Program Files\Microsoft SQL Server\Client SDK\ODBC\170\Tools\Binn\;C:\Program Files (x86)\Microsoft SQL Server\150\Tools\Binn\;C:\Program Files\Microsoft SQL Server\150\Tools\Binn\;C:\Program Files\Microsoft SQL Server\150\DTS\Binn\;C:\Program Files (x86)\Microsoft SQL Server\150\DTS\Binn\;C:\Program Files\Azure Data Studio\bin;C:\Program Files\PuTTY\;C:\Program Files\Docker\Docker\resources\bin;C:\ProgramData\DockerDesktop\version-bin;C:\Program Files\Git\cmd;C:\Program Files\RSA SecurID Token Common\;C:\Program Files\Azure Data Studio\bin;C:\Users\Hunar_Letsko\AppData\Local\Box\Box Edit\
USERNAME=Hunar_Letsko
OS=Windows_NT
PROCESSOR_IDENTIFIER=Intel64 Family 6 Model 142 Stepping 12, GenuineIntel



---------------  S Y S T E M  ---------------

OS:
 Windows 10 , 64 bit Build 18362 (10.0.18362.2037)
OS uptime: 1 days 18:39 hours
Hyper-V role detected

CPU: total 8 (initial active 8) (4 cores per cpu, 2 threads per core) family 6 model 142 stepping 12 microcode 0xde, cx8, cmov, fxsr, ht, mmx, 3dnowpref, sse, sse2, sse3, ssse3, sse4.1, sse4.2, popcnt, lzcnt, tsc, tscinvbit, avx, avx2, aes, erms, clmul, bmi1, bmi2, adx, fma, vzeroupper, clflush, clflushopt, hv

Memory: 4k page, system-wide physical 32350M (5476M free)
TotalPageFile size 50782M (AvailPageFile size 15893M)
current process WorkingSet (physical memory assigned to process): 552M, peak: 552M
current process commit charge ("private bytes"): 592M, peak: 592M

vm_info: OpenJDK 64-Bit Server VM (16.0.2+7-67) for windows-amd64 JRE (16.0.2+7-67), built on Jun  8 2021 23:21:43 by "mach5one" with MS VC++ 16.7 (VS2019)

END.
